<?xml version="1.0" encoding="UTF-8"?>
<testsuites>
  <testsuite name="CLI Arguments" tests="128" assertions="213" errors="13" failures="6" skipped="0" time="4.085791">
    <testsuite name="Tests\Feature\Auth\LoginTest" file="tests\Feature\Auth\LoginTest.php" tests="9" assertions="20" errors="0" failures="0" skipped="0" time="0.752411">
      <testcase name="it logs in a user with valid credentials and redirects to dashboard" file="tests\Feature\Auth\LoginTest.php::it logs in a user with valid credentials and redirects to dashboard" class="Tests\Feature\Auth\LoginTest" classname="Tests.Feature.Auth.LoginTest" assertions="2" time="0.365389"/>
      <testcase name="it authenticates the user session after a successful login" file="tests\Feature\Auth\LoginTest.php::it authenticates the user session after a successful login" class="Tests\Feature\Auth\LoginTest" classname="Tests.Feature.Auth.LoginTest" assertions="3" time="0.016811"/>
      <testcase name="it rejects login when the password is incorrect" file="tests\Feature\Auth\LoginTest.php::it rejects login when the password is incorrect" class="Tests\Feature\Auth\LoginTest" classname="Tests.Feature.Auth.LoginTest" assertions="3" time="0.020013"/>
      <testcase name="it rejects login when the email does not exist" file="tests\Feature\Auth\LoginTest.php::it rejects login when the email does not exist" class="Tests\Feature\Auth\LoginTest" classname="Tests.Feature.Auth.LoginTest" assertions="3" time="0.014101"/>
      <testcase name="it rejects login when email field is empty" file="tests\Feature\Auth\LoginTest.php::it rejects login when email field is empty" class="Tests\Feature\Auth\LoginTest" classname="Tests.Feature.Auth.LoginTest" assertions="2" time="0.011833"/>
      <testcase name="it rejects login when email format is invalid" file="tests\Feature\Auth\LoginTest.php::it rejects login when email format is invalid" class="Tests\Feature\Auth\LoginTest" classname="Tests.Feature.Auth.LoginTest" assertions="2" time="0.014793"/>
      <testcase name="it rejects login when password field is empty" file="tests\Feature\Auth\LoginTest.php::it rejects login when password field is empty" class="Tests\Feature\Auth\LoginTest" classname="Tests.Feature.Auth.LoginTest" assertions="2" time="0.012545"/>
      <testcase name="it redirects authenticated users away from the login page" file="tests\Feature\Auth\LoginTest.php::it redirects authenticated users away from the login page" class="Tests\Feature\Auth\LoginTest" classname="Tests.Feature.Auth.LoginTest" assertions="1" time="0.013585"/>
      <testcase name="it renders the login page for guests" file="tests\Feature\Auth\LoginTest.php::it renders the login page for guests" class="Tests\Feature\Auth\LoginTest" classname="Tests.Feature.Auth.LoginTest" assertions="2" time="0.283340"/>
    </testsuite>
    <testsuite name="Tests\Feature\Auth\LogoutTest" file="tests\Feature\Auth\LogoutTest.php" tests="4" assertions="8" errors="0" failures="0" skipped="0" time="0.083006">
      <testcase name="it logs out an authenticated user and redirects to login" file="tests\Feature\Auth\LogoutTest.php::it logs out an authenticated user and redirects to login" class="Tests\Feature\Auth\LogoutTest" classname="Tests.Feature.Auth.LogoutTest" assertions="2" time="0.030479"/>
      <testcase name="it de-authenticates the user after logout" file="tests\Feature\Auth\LogoutTest.php::it de-authenticates the user after logout" class="Tests\Feature\Auth\LogoutTest" classname="Tests.Feature.Auth.LogoutTest" assertions="1" time="0.013860"/>
      <testcase name="it regenerates the CSRF token after logout" file="tests\Feature\Auth\LogoutTest.php::it regenerates the CSRF token after logout" class="Tests\Feature\Auth\LogoutTest" classname="Tests.Feature.Auth.LogoutTest" assertions="2" time="0.023615"/>
      <testcase name="it redirects unauthenticated requests to the logout route back to login" file="tests\Feature\Auth\LogoutTest.php::it redirects unauthenticated requests to the logout route back to login" class="Tests\Feature\Auth\LogoutTest" classname="Tests.Feature.Auth.LogoutTest" assertions="3" time="0.015053"/>
    </testsuite>
    <testsuite name="Tests\Feature\Auth\RegisterTest" file="tests\Feature\Auth\RegisterTest.php" tests="13" assertions="24" errors="0" failures="0" skipped="0" time="0.251439">
      <testcase name="it registers a new user with valid data and redirects to dashboard" file="tests\Feature\Auth\RegisterTest.php::it registers a new user with valid data and redirects to dashboard" class="Tests\Feature\Auth\RegisterTest" classname="Tests.Feature.Auth.RegisterTest" assertions="2" time="0.025216"/>
      <testcase name="it creates a database record for the new user" file="tests\Feature\Auth\RegisterTest.php::it creates a database record for the new user" class="Tests\Feature\Auth\RegisterTest" classname="Tests.Feature.Auth.RegisterTest" assertions="1" time="0.015698"/>
      <testcase name="it stores the password as a bcrypt hash, never plain text" file="tests\Feature\Auth\RegisterTest.php::it stores the password as a bcrypt hash, never plain text" class="Tests\Feature\Auth\RegisterTest" classname="Tests.Feature.Auth.RegisterTest" assertions="2" time="0.027869"/>
      <testcase name="it assigns the MEMBER role to every newly registered user" file="tests\Feature\Auth\RegisterTest.php::it assigns the MEMBER role to every newly registered user" class="Tests\Feature\Auth\RegisterTest" classname="Tests.Feature.Auth.RegisterTest" assertions="1" time="0.020846"/>
      <testcase name="it authenticates the user immediately after registration" file="tests\Feature\Auth\RegisterTest.php::it authenticates the user immediately after registration" class="Tests\Feature\Auth\RegisterTest" classname="Tests.Feature.Auth.RegisterTest" assertions="1" time="0.017927"/>
      <testcase name="it rejects registration when name is missing" file="tests\Feature\Auth\RegisterTest.php::it rejects registration when name is missing" class="Tests\Feature\Auth\RegisterTest" classname="Tests.Feature.Auth.RegisterTest" assertions="3" time="0.013871"/>
      <testcase name="it rejects registration when email is missing" file="tests\Feature\Auth\RegisterTest.php::it rejects registration when email is missing" class="Tests\Feature\Auth\RegisterTest" classname="Tests.Feature.Auth.RegisterTest" assertions="2" time="0.013624"/>
      <testcase name="it rejects registration when email format is invalid" file="tests\Feature\Auth\RegisterTest.php::it rejects registration when email format is invalid" class="Tests\Feature\Auth\RegisterTest" classname="Tests.Feature.Auth.RegisterTest" assertions="2" time="0.019076"/>
      <testcase name="it rejects registration when email is already taken" file="tests\Feature\Auth\RegisterTest.php::it rejects registration when email is already taken" class="Tests\Feature\Auth\RegisterTest" classname="Tests.Feature.Auth.RegisterTest" assertions="3" time="0.014879"/>
      <testcase name="it rejects registration when password is missing" file="tests\Feature\Auth\RegisterTest.php::it rejects registration when password is missing" class="Tests\Feature\Auth\RegisterTest" classname="Tests.Feature.Auth.RegisterTest" assertions="2" time="0.027303"/>
      <testcase name="it rejects registration when password is shorter than 8 characters" file="tests\Feature\Auth\RegisterTest.php::it rejects registration when password is shorter than 8 characters" class="Tests\Feature\Auth\RegisterTest" classname="Tests.Feature.Auth.RegisterTest" assertions="2" time="0.019840"/>
      <testcase name="it rejects registration when password confirmation does not match" file="tests\Feature\Auth\RegisterTest.php::it rejects registration when password confirmation does not match" class="Tests\Feature\Auth\RegisterTest" classname="Tests.Feature.Auth.RegisterTest" assertions="2" time="0.018781"/>
      <testcase name="it redirects authenticated users away from the register page" file="tests\Feature\Auth\RegisterTest.php::it redirects authenticated users away from the register page" class="Tests\Feature\Auth\RegisterTest" classname="Tests.Feature.Auth.RegisterTest" assertions="1" time="0.016509"/>
    </testsuite>
    <testsuite name="Tests\Feature\Auth\UpdatePasswordTest" file="tests\Feature\Auth\UpdatePasswordTest.php" tests="9" assertions="17" errors="0" failures="0" skipped="0" time="0.148161">
      <testcase name="it updates the password when the current password is correct" file="tests\Feature\Auth\UpdatePasswordTest.php::it updates the password when the current password is correct" class="Tests\Feature\Auth\UpdatePasswordTest" classname="Tests.Feature.Auth.UpdatePasswordTest" assertions="2" time="0.024151"/>
      <testcase name="it persists the new password as a bcrypt hash in the database" file="tests\Feature\Auth\UpdatePasswordTest.php::it persists the new password as a bcrypt hash in the database" class="Tests\Feature\Auth\UpdatePasswordTest" classname="Tests.Feature.Auth.UpdatePasswordTest" assertions="2" time="0.019232"/>
      <testcase name="it rejects the update when current password is wrong" file="tests\Feature\Auth\UpdatePasswordTest.php::it rejects the update when current password is wrong" class="Tests\Feature\Auth\UpdatePasswordTest" classname="Tests.Feature.Auth.UpdatePasswordTest" assertions="2" time="0.016721"/>
      <testcase name="it does not change the password when current password verification fails" file="tests\Feature\Auth\UpdatePasswordTest.php::it does not change the password when current password verification fails" class="Tests\Feature\Auth\UpdatePasswordTest" classname="Tests.Feature.Auth.UpdatePasswordTest" assertions="1" time="0.016127"/>
      <testcase name="it rejects update when current_password field is missing" file="tests\Feature\Auth\UpdatePasswordTest.php::it rejects update when current_password field is missing" class="Tests\Feature\Auth\UpdatePasswordTest" classname="Tests.Feature.Auth.UpdatePasswordTest" assertions="2" time="0.015173"/>
      <testcase name="it rejects update when new password is too short" file="tests\Feature\Auth\UpdatePasswordTest.php::it rejects update when new password is too short" class="Tests\Feature\Auth\UpdatePasswordTest" classname="Tests.Feature.Auth.UpdatePasswordTest" assertions="2" time="0.015757"/>
      <testcase name="it rejects update when new password confirmation does not match" file="tests\Feature\Auth\UpdatePasswordTest.php::it rejects update when new password confirmation does not match" class="Tests\Feature\Auth\UpdatePasswordTest" classname="Tests.Feature.Auth.UpdatePasswordTest" assertions="2" time="0.015159"/>
      <testcase name="it rejects update when new password field is missing" file="tests\Feature\Auth\UpdatePasswordTest.php::it rejects update when new password field is missing" class="Tests\Feature\Auth\UpdatePasswordTest" classname="Tests.Feature.Auth.UpdatePasswordTest" assertions="2" time="0.013843"/>
      <testcase name="it redirects unauthenticated users away from the password update route" file="tests\Feature\Auth\UpdatePasswordTest.php::it redirects unauthenticated users away from the password update route" class="Tests\Feature\Auth\UpdatePasswordTest" classname="Tests.Feature.Auth.UpdatePasswordTest" assertions="2" time="0.011998"/>
    </testsuite>
    <testsuite name="Tests\Feature\Authors\AuthorCrudTest" file="tests\Feature\Authors\AuthorCrudTest.php" tests="10" assertions="18" errors="0" failures="0" skipped="0" time="0.445553">
      <testcase name="it shows authors index" file="tests\Feature\Authors\AuthorCrudTest.php::it shows authors index" class="Tests\Feature\Authors\AuthorCrudTest" classname="Tests.Feature.Authors.AuthorCrudTest" assertions="1" time="0.031852"/>
      <testcase name="it shows author detail" file="tests\Feature\Authors\AuthorCrudTest.php::it shows author detail" class="Tests\Feature\Authors\AuthorCrudTest" classname="Tests.Feature.Authors.AuthorCrudTest" assertions="2" time="0.021953"/>
      <testcase name="it returns 404 for missing author" file="tests\Feature\Authors\AuthorCrudTest.php::it returns 404 for missing author" class="Tests\Feature\Authors\AuthorCrudTest" classname="Tests.Feature.Authors.AuthorCrudTest" assertions="1" time="0.029068"/>
      <testcase name="it admin creates author" file="tests\Feature\Authors\AuthorCrudTest.php::it admin creates author" class="Tests\Feature\Authors\AuthorCrudTest" classname="Tests.Feature.Authors.AuthorCrudTest" assertions="2" time="0.017869"/>
      <testcase name="it validates name required" file="tests\Feature\Authors\AuthorCrudTest.php::it validates name required" class="Tests\Feature\Authors\AuthorCrudTest" classname="Tests.Feature.Authors.AuthorCrudTest" assertions="2" time="0.014332"/>
      <testcase name="it member forbidden from create" file="tests\Feature\Authors\AuthorCrudTest.php::it member forbidden from create" class="Tests\Feature\Authors\AuthorCrudTest" classname="Tests.Feature.Authors.AuthorCrudTest" assertions="1" time="0.049265"/>
      <testcase name="it librarian updates author" file="tests\Feature\Authors\AuthorCrudTest.php::it librarian updates author" class="Tests\Feature\Authors\AuthorCrudTest" classname="Tests.Feature.Authors.AuthorCrudTest" assertions="2" time="0.018122"/>
      <testcase name="it admin deletes author without books" file="tests\Feature\Authors\AuthorCrudTest.php::it admin deletes author without books" class="Tests\Feature\Authors\AuthorCrudTest" classname="Tests.Feature.Authors.AuthorCrudTest" assertions="3" time="0.019950"/>
      <testcase name="it cannot delete author with books" file="tests\Feature\Authors\AuthorCrudTest.php::it cannot delete author with books" class="Tests\Feature\Authors\AuthorCrudTest" classname="Tests.Feature.Authors.AuthorCrudTest" assertions="2" time="0.035470"/>
      <testcase name="it shows books for author" file="tests\Feature\Authors\AuthorCrudTest.php::it shows books for author" class="Tests\Feature\Authors\AuthorCrudTest" classname="Tests.Feature.Authors.AuthorCrudTest" assertions="2" time="0.207673"/>
    </testsuite>
    <testsuite name="Tests\Feature\Books\BookCrudTest" file="tests\Feature\Books\BookCrudTest.php" tests="20" assertions="30" errors="0" failures="0" skipped="0" time="1.123649">
      <testcase name="it shows books index" file="tests\Feature\Books\BookCrudTest.php::it shows books index" class="Tests\Feature\Books\BookCrudTest" classname="Tests.Feature.Books.BookCrudTest" assertions="1" time="0.028262"/>
      <testcase name="it displays books on index" file="tests\Feature\Books\BookCrudTest.php::it displays books on index" class="Tests\Feature\Books\BookCrudTest" classname="Tests.Feature.Books.BookCrudTest" assertions="1" time="0.020299"/>
      <testcase name="it shows book detail" file="tests\Feature\Books\BookCrudTest.php::it shows book detail" class="Tests\Feature\Books\BookCrudTest" classname="Tests.Feature.Books.BookCrudTest" assertions="2" time="0.363165"/>
      <testcase name="it returns 404 for missing book" file="tests\Feature\Books\BookCrudTest.php::it returns 404 for missing book" class="Tests\Feature\Books\BookCrudTest" classname="Tests.Feature.Books.BookCrudTest" assertions="1" time="0.018850"/>
      <testcase name="it guest redirected from create" file="tests\Feature\Books\BookCrudTest.php::it guest redirected from create" class="Tests\Feature\Books\BookCrudTest" classname="Tests.Feature.Books.BookCrudTest" assertions="2" time="0.013094"/>
      <testcase name="it admin sees create form" file="tests\Feature\Books\BookCrudTest.php::it admin sees create form" class="Tests\Feature\Books\BookCrudTest" classname="Tests.Feature.Books.BookCrudTest" assertions="1" time="0.388603"/>
      <testcase name="it member forbidden from create form" file="tests\Feature\Books\BookCrudTest.php::it member forbidden from create form" class="Tests\Feature\Books\BookCrudTest" classname="Tests.Feature.Books.BookCrudTest" assertions="1" time="0.017989"/>
      <testcase name="it admin creates book" file="tests\Feature\Books\BookCrudTest.php::it admin creates book" class="Tests\Feature\Books\BookCrudTest" classname="Tests.Feature.Books.BookCrudTest" assertions="2" time="0.019508"/>
      <testcase name="it librarian creates book" file="tests\Feature\Books\BookCrudTest.php::it librarian creates book" class="Tests\Feature\Books\BookCrudTest" classname="Tests.Feature.Books.BookCrudTest" assertions="2" time="0.014559"/>
      <testcase name="it member forbidden from store" file="tests\Feature\Books\BookCrudTest.php::it member forbidden from store" class="Tests\Feature\Books\BookCrudTest" classname="Tests.Feature.Books.BookCrudTest" assertions="1" time="0.013990"/>
      <testcase name="it validates required title" file="tests\Feature\Books\BookCrudTest.php::it validates required title" class="Tests\Feature\Books\BookCrudTest" classname="Tests.Feature.Books.BookCrudTest" assertions="2" time="0.015138"/>
      <testcase name="it validates ISBN unique" file="tests\Feature\Books\BookCrudTest.php::it validates ISBN unique" class="Tests\Feature\Books\BookCrudTest" classname="Tests.Feature.Books.BookCrudTest" assertions="2" time="0.016062"/>
      <testcase name="it validates author exists" file="tests\Feature\Books\BookCrudTest.php::it validates author exists" class="Tests\Feature\Books\BookCrudTest" classname="Tests.Feature.Books.BookCrudTest" assertions="2" time="0.015000"/>
      <testcase name="it admin updates book" file="tests\Feature\Books\BookCrudTest.php::it admin updates book" class="Tests\Feature\Books\BookCrudTest" classname="Tests.Feature.Books.BookCrudTest" assertions="2" time="0.018181"/>
      <testcase name="it member forbidden from update" file="tests\Feature\Books\BookCrudTest.php::it member forbidden from update" class="Tests\Feature\Books\BookCrudTest" classname="Tests.Feature.Books.BookCrudTest" assertions="1" time="0.020037"/>
      <testcase name="it admin deletes book" file="tests\Feature\Books\BookCrudTest.php::it admin deletes book" class="Tests\Feature\Books\BookCrudTest" classname="Tests.Feature.Books.BookCrudTest" assertions="3" time="0.026012"/>
      <testcase name="it member forbidden from delete" file="tests\Feature\Books\BookCrudTest.php::it member forbidden from delete" class="Tests\Feature\Books\BookCrudTest" classname="Tests.Feature.Books.BookCrudTest" assertions="1" time="0.025681"/>
      <testcase name="it searches by title" file="tests\Feature\Books\BookCrudTest.php::it searches by title" class="Tests\Feature\Books\BookCrudTest" classname="Tests.Feature.Books.BookCrudTest" assertions="1" time="0.040511"/>
      <testcase name="it filters by category" file="tests\Feature\Books\BookCrudTest.php::it filters by category" class="Tests\Feature\Books\BookCrudTest" classname="Tests.Feature.Books.BookCrudTest" assertions="1" time="0.029751"/>
      <testcase name="it sorts by publication year" file="tests\Feature\Books\BookCrudTest.php::it sorts by publication year" class="Tests\Feature\Books\BookCrudTest" classname="Tests.Feature.Books.BookCrudTest" assertions="1" time="0.018957"/>
    </testsuite>
    <testsuite name="Tests\Feature\Categories\CategoryCrudTest" file="tests\Feature\Categories\CategoryCrudTest.php" tests="9" assertions="16" errors="0" failures="0" skipped="0" time="0.263746">
      <testcase name="it shows categories index" file="tests\Feature\Categories\CategoryCrudTest.php::it shows categories index" class="Tests\Feature\Categories\CategoryCrudTest" classname="Tests.Feature.Categories.CategoryCrudTest" assertions="1" time="0.130875"/>
      <testcase name="it shows category detail" file="tests\Feature\Categories\CategoryCrudTest.php::it shows category detail" class="Tests\Feature\Categories\CategoryCrudTest" classname="Tests.Feature.Categories.CategoryCrudTest" assertions="2" time="0.024511"/>
      <testcase name="it returns 404 for missing category" file="tests\Feature\Categories\CategoryCrudTest.php::it returns 404 for missing category" class="Tests\Feature\Categories\CategoryCrudTest" classname="Tests.Feature.Categories.CategoryCrudTest" assertions="1" time="0.016094"/>
      <testcase name="it admin creates category" file="tests\Feature\Categories\CategoryCrudTest.php::it admin creates category" class="Tests\Feature\Categories\CategoryCrudTest" classname="Tests.Feature.Categories.CategoryCrudTest" assertions="2" time="0.014239"/>
      <testcase name="it validates name unique" file="tests\Feature\Categories\CategoryCrudTest.php::it validates name unique" class="Tests\Feature\Categories\CategoryCrudTest" classname="Tests.Feature.Categories.CategoryCrudTest" assertions="2" time="0.014309"/>
      <testcase name="it member forbidden from create" file="tests\Feature\Categories\CategoryCrudTest.php::it member forbidden from create" class="Tests\Feature\Categories\CategoryCrudTest" classname="Tests.Feature.Categories.CategoryCrudTest" assertions="1" time="0.013595"/>
      <testcase name="it admin updates category" file="tests\Feature\Categories\CategoryCrudTest.php::it admin updates category" class="Tests\Feature\Categories\CategoryCrudTest" classname="Tests.Feature.Categories.CategoryCrudTest" assertions="2" time="0.015721"/>
      <testcase name="it admin deletes category" file="tests\Feature\Categories\CategoryCrudTest.php::it admin deletes category" class="Tests\Feature\Categories\CategoryCrudTest" classname="Tests.Feature.Categories.CategoryCrudTest" assertions="3" time="0.014868"/>
      <testcase name="it shows books in category" file="tests\Feature\Categories\CategoryCrudTest.php::it shows books in category" class="Tests\Feature\Categories\CategoryCrudTest" classname="Tests.Feature.Categories.CategoryCrudTest" assertions="2" time="0.019536"/>
    </testsuite>
    <testsuite name="Tests\Feature\Inventory\BookCopyManagementTest" file="tests\Feature\Inventory\BookCopyManagementTest.php" tests="18" assertions="47" errors="0" failures="0" skipped="0" time="0.312286">
      <testcase name="admin can view book copies" file="tests\Feature\Inventory\BookCopyManagementTest.php::admin can view book copies" class="Tests\Feature\Inventory\BookCopyManagementTest" classname="Tests.Feature.Inventory.BookCopyManagementTest" assertions="3" time="0.028490"/>
      <testcase name="member can view book copies" file="tests\Feature\Inventory\BookCopyManagementTest.php::member can view book copies" class="Tests\Feature\Inventory\BookCopyManagementTest" classname="Tests.Feature.Inventory.BookCopyManagementTest" assertions="2" time="0.016631"/>
      <testcase name="guest cannot view book copies" file="tests\Feature\Inventory\BookCopyManagementTest.php::guest cannot view book copies" class="Tests\Feature\Inventory\BookCopyManagementTest" classname="Tests.Feature.Inventory.BookCopyManagementTest" assertions="2" time="0.014396"/>
      <testcase name="admin can create a book copy" file="tests\Feature\Inventory\BookCopyManagementTest.php::admin can create a book copy" class="Tests\Feature\Inventory\BookCopyManagementTest" classname="Tests.Feature.Inventory.BookCopyManagementTest" assertions="4" time="0.018372"/>
      <testcase name="librarian can create a book copy" file="tests\Feature\Inventory\BookCopyManagementTest.php::librarian can create a book copy" class="Tests\Feature\Inventory\BookCopyManagementTest" classname="Tests.Feature.Inventory.BookCopyManagementTest" assertions="3" time="0.015357"/>
      <testcase name="member cannot create a book copy" file="tests\Feature\Inventory\BookCopyManagementTest.php::member cannot create a book copy" class="Tests\Feature\Inventory\BookCopyManagementTest" classname="Tests.Feature.Inventory.BookCopyManagementTest" assertions="1" time="0.014816"/>
      <testcase name="create copy with invalid status returns validation error" file="tests\Feature\Inventory\BookCopyManagementTest.php::create copy with invalid status returns validation error" class="Tests\Feature\Inventory\BookCopyManagementTest" classname="Tests.Feature.Inventory.BookCopyManagementTest" assertions="2" time="0.015887"/>
      <testcase name="create copy defaults to AVAILABLE when no status provided" file="tests\Feature\Inventory\BookCopyManagementTest.php::create copy defaults to AVAILABLE when no status provided" class="Tests\Feature\Inventory\BookCopyManagementTest" classname="Tests.Feature.Inventory.BookCopyManagementTest" assertions="3" time="0.019005"/>
      <testcase name="cannot create copy for non-existent book" file="tests\Feature\Inventory\BookCopyManagementTest.php::cannot create copy for non-existent book" class="Tests\Feature\Inventory\BookCopyManagementTest" classname="Tests.Feature.Inventory.BookCopyManagementTest" assertions="1" time="0.014486"/>
      <testcase name="admin can update book copy status" file="tests\Feature\Inventory\BookCopyManagementTest.php::admin can update book copy status" class="Tests\Feature\Inventory\BookCopyManagementTest" classname="Tests.Feature.Inventory.BookCopyManagementTest" assertions="4" time="0.018643"/>
      <testcase name="member cannot update book copy status" file="tests\Feature\Inventory\BookCopyManagementTest.php::member cannot update book copy status" class="Tests\Feature\Inventory\BookCopyManagementTest" classname="Tests.Feature.Inventory.BookCopyManagementTest" assertions="1" time="0.016876"/>
      <testcase name="update copy with missing status returns validation error" file="tests\Feature\Inventory\BookCopyManagementTest.php::update copy with missing status returns validation error" class="Tests\Feature\Inventory\BookCopyManagementTest" classname="Tests.Feature.Inventory.BookCopyManagementTest" assertions="2" time="0.016643"/>
      <testcase name="cannot update status of lost copy" file="tests\Feature\Inventory\BookCopyManagementTest.php::cannot update status of lost copy" class="Tests\Feature\Inventory\BookCopyManagementTest" classname="Tests.Feature.Inventory.BookCopyManagementTest" assertions="4" time="0.015782"/>
      <testcase name="admin can delete a book copy" file="tests\Feature\Inventory\BookCopyManagementTest.php::admin can delete a book copy" class="Tests\Feature\Inventory\BookCopyManagementTest" classname="Tests.Feature.Inventory.BookCopyManagementTest" assertions="4" time="0.015594"/>
      <testcase name="member cannot delete a book copy" file="tests\Feature\Inventory\BookCopyManagementTest.php::member cannot delete a book copy" class="Tests\Feature\Inventory\BookCopyManagementTest" classname="Tests.Feature.Inventory.BookCopyManagementTest" assertions="2" time="0.016138"/>
      <testcase name="delete non-existent copy returns 404" file="tests\Feature\Inventory\BookCopyManagementTest.php::delete non-existent copy returns 404" class="Tests\Feature\Inventory\BookCopyManagementTest" classname="Tests.Feature.Inventory.BookCopyManagementTest" assertions="1" time="0.014600"/>
      <testcase name="availability page is accessible to members" file="tests\Feature\Inventory\BookCopyManagementTest.php::availability page is accessible to members" class="Tests\Feature\Inventory\BookCopyManagementTest" classname="Tests.Feature.Inventory.BookCopyManagementTest" assertions="3" time="0.020742"/>
      <testcase name="availability reflects current inventory state" file="tests\Feature\Inventory\BookCopyManagementTest.php::availability reflects current inventory state" class="Tests\Feature\Inventory\BookCopyManagementTest" classname="Tests.Feature.Inventory.BookCopyManagementTest" assertions="5" time="0.019828"/>
    </testsuite>
    <testsuite name="Tests\Feature\Reservations\BookReservationsTest" file="tests\Feature\Reservations\BookReservationsTest.php" tests="3" assertions="1" errors="2" failures="0" skipped="0" time="0.128279">
      <testcase name="it lists the reservation queue for a book ordered by queue position" file="tests\Feature\Reservations\BookReservationsTest.php::it lists the reservation queue for a book ordered by queue position" class="Tests\Feature\Reservations\BookReservationsTest" classname="Tests.Feature.Reservations.BookReservationsTest" assertions="0" time="0.032855">
        <error type="BadMethodCallException">it lists the reservation queue for a book ordered by queue positionBadMethodCallException: Call to undefined method App\Models\Reservation::factory()&#13;
at vendor\laravel\framework\src\Illuminate\Support\Traits\ForwardsCalls.php:67
at vendor\laravel\framework\src\Illuminate\Support\Traits\ForwardsCalls.php:36
at vendor\laravel\framework\src\Illuminate\Database\Eloquent\Model.php:2544
at vendor\laravel\framework\src\Illuminate\Database\Eloquent\Model.php:2560
at tests\Feature\Reservations\BookReservationsTest.php:16</error>
      </testcase>
      <testcase name="it hides other members identities from a non-staff viewer of the book queue" file="tests\Feature\Reservations\BookReservationsTest.php::it hides other members identities from a non-staff viewer of the book queue" class="Tests\Feature\Reservations\BookReservationsTest" classname="Tests.Feature.Reservations.BookReservationsTest" assertions="0" time="0.013146">
        <error type="BadMethodCallException">it hides other members identities from a non-staff viewer of the book queueBadMethodCallException: Call to undefined method App\Models\Reservation::factory()&#13;
at vendor\laravel\framework\src\Illuminate\Support\Traits\ForwardsCalls.php:67
at vendor\laravel\framework\src\Illuminate\Support\Traits\ForwardsCalls.php:36
at vendor\laravel\framework\src\Illuminate\Database\Eloquent\Model.php:2544
at vendor\laravel\framework\src\Illuminate\Database\Eloquent\Model.php:2560
at tests\Feature\Reservations\BookReservationsTest.php:33</error>
      </testcase>
      <testcase name="it returns 404 when requesting reservations for a non-existent book" file="tests\Feature\Reservations\BookReservationsTest.php::it returns 404 when requesting reservations for a non-existent book" class="Tests\Feature\Reservations\BookReservationsTest" classname="Tests.Feature.Reservations.BookReservationsTest" assertions="1" time="0.082277"/>
    </testsuite>
    <testsuite name="Tests\Feature\Reservations\CancelReservationTest" file="tests\Feature\Reservations\CancelReservationTest.php" tests="7" assertions="1" errors="6" failures="0" skipped="0" time="0.103512">
      <testcase name="it allows a user to cancel their own pending reservation" file="tests\Feature\Reservations\CancelReservationTest.php::it allows a user to cancel their own pending reservation" class="Tests\Feature\Reservations\CancelReservationTest" classname="Tests.Feature.Reservations.CancelReservationTest" assertions="0" time="0.020660">
        <error type="BadMethodCallException">it allows a user to cancel their own pending reservationBadMethodCallException: Call to undefined method App\Models\Reservation::factory()&#13;
at vendor\laravel\framework\src\Illuminate\Support\Traits\ForwardsCalls.php:67
at vendor\laravel\framework\src\Illuminate\Support\Traits\ForwardsCalls.php:36
at vendor\laravel\framework\src\Illuminate\Database\Eloquent\Model.php:2544
at vendor\laravel\framework\src\Illuminate\Database\Eloquent\Model.php:2560
at tests\Feature\Reservations\CancelReservationTest.php:15</error>
      </testcase>
      <testcase name="it recalculates queue positions of the remaining queue after a cancellation" file="tests\Feature\Reservations\CancelReservationTest.php::it recalculates queue positions of the remaining queue after a cancellation" class="Tests\Feature\Reservations\CancelReservationTest" classname="Tests.Feature.Reservations.CancelReservationTest" assertions="0" time="0.013293">
        <error type="BadMethodCallException">it recalculates queue positions of the remaining queue after a cancellationBadMethodCallException: Call to undefined method App\Models\Reservation::factory()&#13;
at vendor\laravel\framework\src\Illuminate\Support\Traits\ForwardsCalls.php:67
at vendor\laravel\framework\src\Illuminate\Support\Traits\ForwardsCalls.php:36
at vendor\laravel\framework\src\Illuminate\Database\Eloquent\Model.php:2544
at vendor\laravel\framework\src\Illuminate\Database\Eloquent\Model.php:2560
at tests\Feature\Reservations\CancelReservationTest.php:36</error>
      </testcase>
      <testcase name="it prevents a user from cancelling another users reservation" file="tests\Feature\Reservations\CancelReservationTest.php::it prevents a user from cancelling another users reservation" class="Tests\Feature\Reservations\CancelReservationTest" classname="Tests.Feature.Reservations.CancelReservationTest" assertions="0" time="0.013772">
        <error type="BadMethodCallException">it prevents a user from cancelling another users reservationBadMethodCallException: Call to undefined method App\Models\Reservation::factory()&#13;
at vendor\laravel\framework\src\Illuminate\Support\Traits\ForwardsCalls.php:67
at vendor\laravel\framework\src\Illuminate\Support\Traits\ForwardsCalls.php:36
at vendor\laravel\framework\src\Illuminate\Database\Eloquent\Model.php:2544
at vendor\laravel\framework\src\Illuminate\Database\Eloquent\Model.php:2560
at tests\Feature\Reservations\CancelReservationTest.php:50</error>
      </testcase>
      <testcase name="it rejects cancelling an already cancelled reservation" file="tests\Feature\Reservations\CancelReservationTest.php::it rejects cancelling an already cancelled reservation" class="Tests\Feature\Reservations\CancelReservationTest" classname="Tests.Feature.Reservations.CancelReservationTest" assertions="0" time="0.014741">
        <error type="BadMethodCallException">it rejects cancelling an already cancelled reservationBadMethodCallException: Call to undefined method App\Models\Reservation::factory()&#13;
at vendor\laravel\framework\src\Illuminate\Support\Traits\ForwardsCalls.php:67
at vendor\laravel\framework\src\Illuminate\Support\Traits\ForwardsCalls.php:36
at vendor\laravel\framework\src\Illuminate\Database\Eloquent\Model.php:2544
at vendor\laravel\framework\src\Illuminate\Database\Eloquent\Model.php:2560
at tests\Feature\Reservations\CancelReservationTest.php:70</error>
      </testcase>
      <testcase name="it rejects cancelling an already fulfilled reservation" file="tests\Feature\Reservations\CancelReservationTest.php::it rejects cancelling an already fulfilled reservation" class="Tests\Feature\Reservations\CancelReservationTest" classname="Tests.Feature.Reservations.CancelReservationTest" assertions="0" time="0.014558">
        <error type="BadMethodCallException">it rejects cancelling an already fulfilled reservationBadMethodCallException: Call to undefined method App\Models\Reservation::factory()&#13;
at vendor\laravel\framework\src\Illuminate\Support\Traits\ForwardsCalls.php:67
at vendor\laravel\framework\src\Illuminate\Support\Traits\ForwardsCalls.php:36
at vendor\laravel\framework\src\Illuminate\Database\Eloquent\Model.php:2544
at vendor\laravel\framework\src\Illuminate\Database\Eloquent\Model.php:2560
at tests\Feature\Reservations\CancelReservationTest.php:85</error>
      </testcase>
      <testcase name="it returns 404 when cancelling a non-existent reservation" file="tests\Feature\Reservations\CancelReservationTest.php::it returns 404 when cancelling a non-existent reservation" class="Tests\Feature\Reservations\CancelReservationTest" classname="Tests.Feature.Reservations.CancelReservationTest" assertions="1" time="0.012685"/>
      <testcase name="it allows an admin to cancel any users reservation" file="tests\Feature\Reservations\CancelReservationTest.php::it allows an admin to cancel any users reservation" class="Tests\Feature\Reservations\CancelReservationTest" classname="Tests.Feature.Reservations.CancelReservationTest" assertions="0" time="0.013804">
        <error type="BadMethodCallException">it allows an admin to cancel any users reservationBadMethodCallException: Call to undefined method App\Models\Reservation::factory()&#13;
at vendor\laravel\framework\src\Illuminate\Support\Traits\ForwardsCalls.php:67
at vendor\laravel\framework\src\Illuminate\Support\Traits\ForwardsCalls.php:36
at vendor\laravel\framework\src\Illuminate\Database\Eloquent\Model.php:2544
at vendor\laravel\framework\src\Illuminate\Database\Eloquent\Model.php:2560
at tests\Feature\Reservations\CancelReservationTest.php:109</error>
      </testcase>
    </testsuite>
    <testsuite name="Tests\Feature\Reservations\CreateReservationTest" file="tests\Feature\Reservations\CreateReservationTest.php" tests="6" assertions="5" errors="1" failures="5" skipped="0" time="0.117407">
      <testcase name="it allows an authenticated member to reserve a book with no available copies" file="tests\Feature\Reservations\CreateReservationTest.php::it allows an authenticated member to reserve a book with no available copies" class="Tests\Feature\Reservations\CreateReservationTest" classname="Tests.Feature.Reservations.CreateReservationTest" assertions="1" time="0.041362">
        <failure type="PHPUnit\Framework\ExpectationFailedException">it allows an authenticated member to reserve a book with no available copiesExpected response status code [201] but received 404.
Failed asserting that 404 is identical to 201.&#13;
at vendor\laravel\framework\src\Illuminate\Testing\TestResponseAssert.php:45
at vendor\laravel\framework\src\Illuminate\Testing\TestResponse.php:175
at vendor\laravel\framework\src\Illuminate\Testing\Concerns\AssertsStatusCodes.php:26
at tests\Feature\Reservations\CreateReservationTest.php:23</failure>
      </testcase>
      <testcase name="it rejects reservation when an available copy exists" file="tests\Feature\Reservations\CreateReservationTest.php::it rejects reservation when an available copy exists" class="Tests\Feature\Reservations\CreateReservationTest" classname="Tests.Feature.Reservations.CreateReservationTest" assertions="1" time="0.014743">
        <failure type="PHPUnit\Framework\ExpectationFailedException">it rejects reservation when an available copy existsExpected response status code [409] but received 404.
Failed asserting that 404 is identical to 409.&#13;
at vendor\laravel\framework\src\Illuminate\Testing\TestResponseAssert.php:45
at vendor\laravel\framework\src\Illuminate\Testing\TestResponse.php:175
at tests\Feature\Reservations\CreateReservationTest.php:43</failure>
      </testcase>
      <testcase name="it rejects duplicate active reservations for the same user and book" file="tests\Feature\Reservations\CreateReservationTest.php::it rejects duplicate active reservations for the same user and book" class="Tests\Feature\Reservations\CreateReservationTest" classname="Tests.Feature.Reservations.CreateReservationTest" assertions="0" time="0.014228">
        <error type="BadMethodCallException">it rejects duplicate active reservations for the same user and bookBadMethodCallException: Call to undefined method App\Models\Reservation::factory()&#13;
at vendor\laravel\framework\src\Illuminate\Support\Traits\ForwardsCalls.php:67
at vendor\laravel\framework\src\Illuminate\Support\Traits\ForwardsCalls.php:36
at vendor\laravel\framework\src\Illuminate\Database\Eloquent\Model.php:2544
at vendor\laravel\framework\src\Illuminate\Database\Eloquent\Model.php:2560
at tests\Feature\Reservations\CreateReservationTest.php:52</error>
      </testcase>
      <testcase name="it rejects reservation for a non-existent book with a validation error" file="tests\Feature\Reservations\CreateReservationTest.php::it rejects reservation for a non-existent book with a validation error" class="Tests\Feature\Reservations\CreateReservationTest" classname="Tests.Feature.Reservations.CreateReservationTest" assertions="1" time="0.013785">
        <failure type="PHPUnit\Framework\ExpectationFailedException">it rejects reservation for a non-existent book with a validation errorExpected response status code [422] but received 404.
Failed asserting that 404 is identical to 422.&#13;
at vendor\laravel\framework\src\Illuminate\Testing\TestResponseAssert.php:45
at vendor\laravel\framework\src\Illuminate\Testing\TestResponse.php:175
at tests\Feature\Reservations\CreateReservationTest.php:74</failure>
      </testcase>
      <testcase name="it rejects unauthenticated reservation attempts" file="tests\Feature\Reservations\CreateReservationTest.php::it rejects unauthenticated reservation attempts" class="Tests\Feature\Reservations\CreateReservationTest" classname="Tests.Feature.Reservations.CreateReservationTest" assertions="1" time="0.015081">
        <failure type="PHPUnit\Framework\ExpectationFailedException">it rejects unauthenticated reservation attemptsExpected response status code [401] but received 404.
Failed asserting that 404 is identical to 401.&#13;
at vendor\laravel\framework\src\Illuminate\Testing\TestResponseAssert.php:45
at vendor\laravel\framework\src\Illuminate\Testing\TestResponse.php:175
at tests\Feature\Reservations\CreateReservationTest.php:86</failure>
      </testcase>
      <testcase name="it assigns sequential queue positions to multiple reservations on the same book" file="tests\Feature\Reservations\CreateReservationTest.php::it assigns sequential queue positions to multiple reservations on the same book" class="Tests\Feature\Reservations\CreateReservationTest" classname="Tests.Feature.Reservations.CreateReservationTest" assertions="1" time="0.018207">
        <failure type="PHPUnit\Framework\ExpectationFailedException">it assigns sequential queue positions to multiple reservations on the same bookFailed asserting that null is identical to 1.&#13;
at vendor\laravel\framework\src\Illuminate\Testing\AssertableJsonString.php:243
at vendor\laravel\framework\src\Illuminate\Testing\TestResponse.php:880
at tests\Feature\Reservations\CreateReservationTest.php:97</failure>
      </testcase>
    </testsuite>
    <testsuite name="Tests\Feature\Reservations\ListReservationsTest" file="tests\Feature\Reservations\ListReservationsTest.php" tests="6" assertions="2" errors="4" failures="1" skipped="0" time="0.089778">
      <testcase name="it lists only the authenticated members own reservations" file="tests\Feature\Reservations\ListReservationsTest.php::it lists only the authenticated members own reservations" class="Tests\Feature\Reservations\ListReservationsTest" classname="Tests.Feature.Reservations.ListReservationsTest" assertions="0" time="0.018120">
        <error type="BadMethodCallException">it lists only the authenticated members own reservationsBadMethodCallException: Call to undefined method App\Models\Reservation::factory()&#13;
at vendor\laravel\framework\src\Illuminate\Support\Traits\ForwardsCalls.php:67
at vendor\laravel\framework\src\Illuminate\Support\Traits\ForwardsCalls.php:36
at vendor\laravel\framework\src\Illuminate\Database\Eloquent\Model.php:2544
at vendor\laravel\framework\src\Illuminate\Database\Eloquent\Model.php:2560
at tests\Feature\Reservations\ListReservationsTest.php:17</error>
      </testcase>
      <testcase name="it lists all reservations for admins" file="tests\Feature\Reservations\ListReservationsTest.php::it lists all reservations for admins" class="Tests\Feature\Reservations\ListReservationsTest" classname="Tests.Feature.Reservations.ListReservationsTest" assertions="0" time="0.014081">
        <error type="BadMethodCallException">it lists all reservations for adminsBadMethodCallException: Call to undefined method App\Models\Reservation::factory()&#13;
at vendor\laravel\framework\src\Illuminate\Support\Traits\ForwardsCalls.php:67
at vendor\laravel\framework\src\Illuminate\Support\Traits\ForwardsCalls.php:36
at vendor\laravel\framework\src\Illuminate\Database\Eloquent\Model.php:2544
at vendor\laravel\framework\src\Illuminate\Database\Eloquent\Model.php:2560
at tests\Feature\Reservations\ListReservationsTest.php:32</error>
      </testcase>
      <testcase name="it rejects unauthenticated access to the reservation list" file="tests\Feature\Reservations\ListReservationsTest.php::it rejects unauthenticated access to the reservation list" class="Tests\Feature\Reservations\ListReservationsTest" classname="Tests.Feature.Reservations.ListReservationsTest" assertions="1" time="0.013336">
        <failure type="PHPUnit\Framework\ExpectationFailedException">it rejects unauthenticated access to the reservation listExpected response status code [401] but received 404.
Failed asserting that 404 is identical to 401.&#13;
at vendor\laravel\framework\src\Illuminate\Testing\TestResponseAssert.php:45
at vendor\laravel\framework\src\Illuminate\Testing\TestResponse.php:175
at tests\Feature\Reservations\ListReservationsTest.php:44</failure>
      </testcase>
      <testcase name="it shows reservation details to its owner" file="tests\Feature\Reservations\ListReservationsTest.php::it shows reservation details to its owner" class="Tests\Feature\Reservations\ListReservationsTest" classname="Tests.Feature.Reservations.ListReservationsTest" assertions="0" time="0.016955">
        <error type="BadMethodCallException">it shows reservation details to its ownerBadMethodCallException: Call to undefined method App\Models\Reservation::factory()&#13;
at vendor\laravel\framework\src\Illuminate\Support\Traits\ForwardsCalls.php:67
at vendor\laravel\framework\src\Illuminate\Support\Traits\ForwardsCalls.php:36
at vendor\laravel\framework\src\Illuminate\Database\Eloquent\Model.php:2544
at vendor\laravel\framework\src\Illuminate\Database\Eloquent\Model.php:2560
at tests\Feature\Reservations\ListReservationsTest.php:50</error>
      </testcase>
      <testcase name="it prevents a user from viewing another users reservation" file="tests\Feature\Reservations\ListReservationsTest.php::it prevents a user from viewing another users reservation" class="Tests\Feature\Reservations\ListReservationsTest" classname="Tests.Feature.Reservations.ListReservationsTest" assertions="0" time="0.013543">
        <error type="BadMethodCallException">it prevents a user from viewing another users reservationBadMethodCallException: Call to undefined method App\Models\Reservation::factory()&#13;
at vendor\laravel\framework\src\Illuminate\Support\Traits\ForwardsCalls.php:67
at vendor\laravel\framework\src\Illuminate\Support\Traits\ForwardsCalls.php:36
at vendor\laravel\framework\src\Illuminate\Database\Eloquent\Model.php:2544
at vendor\laravel\framework\src\Illuminate\Database\Eloquent\Model.php:2560
at tests\Feature\Reservations\ListReservationsTest.php:62</error>
      </testcase>
      <testcase name="it returns 404 when viewing a non-existent reservation" file="tests\Feature\Reservations\ListReservationsTest.php::it returns 404 when viewing a non-existent reservation" class="Tests\Feature\Reservations\ListReservationsTest" classname="Tests.Feature.Reservations.ListReservationsTest" assertions="1" time="0.013743"/>
    </testsuite>
    <testsuite name="Tests\Feature\Transactions\BorrowBookTest" file="tests\Feature\Transactions\BorrowBookTest.php" tests="5" assertions="10" errors="0" failures="0" skipped="0" time="0.088440">
      <testcase name="it allows an authenticated user to borrow an available copy" file="tests\Feature\Transactions\BorrowBookTest.php::it allows an authenticated user to borrow an available copy" class="Tests\Feature\Transactions\BorrowBookTest" classname="Tests.Feature.Transactions.BorrowBookTest" assertions="3" time="0.025901"/>
      <testcase name="it rejects borrowing an unavailable copy" file="tests\Feature\Transactions\BorrowBookTest.php::it rejects borrowing an unavailable copy" class="Tests\Feature\Transactions\BorrowBookTest" classname="Tests.Feature.Transactions.BorrowBookTest" assertions="2" time="0.016003"/>
      <testcase name="it rejects borrowing a non-existent copy" file="tests\Feature\Transactions\BorrowBookTest.php::it rejects borrowing a non-existent copy" class="Tests\Feature\Transactions\BorrowBookTest" classname="Tests.Feature.Transactions.BorrowBookTest" assertions="2" time="0.014203"/>
      <testcase name="it rejects duplicate active borrowing of the same book by the same user" file="tests\Feature\Transactions\BorrowBookTest.php::it rejects duplicate active borrowing of the same book by the same user" class="Tests\Feature\Transactions\BorrowBookTest" classname="Tests.Feature.Transactions.BorrowBookTest" assertions="1" time="0.018680"/>
      <testcase name="it prevents guests from borrowing" file="tests\Feature\Transactions\BorrowBookTest.php::it prevents guests from borrowing" class="Tests\Feature\Transactions\BorrowBookTest" classname="Tests.Feature.Transactions.BorrowBookTest" assertions="2" time="0.013653"/>
    </testsuite>
    <testsuite name="Tests\Feature\Transactions\ExtendTransactionTest" file="tests\Feature\Transactions\ExtendTransactionTest.php" tests="3" assertions="4" errors="0" failures="0" skipped="0" time="0.058068">
      <testcase name="it extends an active transaction due date" file="tests\Feature\Transactions\ExtendTransactionTest.php::it extends an active transaction due date" class="Tests\Feature\Transactions\ExtendTransactionTest" classname="Tests.Feature.Transactions.ExtendTransactionTest" assertions="2" time="0.022531"/>
      <testcase name="it cannot extend a returned transaction" file="tests\Feature\Transactions\ExtendTransactionTest.php::it cannot extend a returned transaction" class="Tests\Feature\Transactions\ExtendTransactionTest" classname="Tests.Feature.Transactions.ExtendTransactionTest" assertions="1" time="0.017456"/>
      <testcase name="it cannot extend an overdue transaction" file="tests\Feature\Transactions\ExtendTransactionTest.php::it cannot extend an overdue transaction" class="Tests\Feature\Transactions\ExtendTransactionTest" classname="Tests.Feature.Transactions.ExtendTransactionTest" assertions="1" time="0.018080"/>
    </testsuite>
    <testsuite name="Tests\Feature\Transactions\OverdueTransactionTest" file="tests\Feature\Transactions\OverdueTransactionTest.php" tests="2" assertions="3" errors="0" failures="0" skipped="0" time="0.043121">
      <testcase name="it lists overdue transactions for staff and syncs status" file="tests\Feature\Transactions\OverdueTransactionTest.php::it lists overdue transactions for staff and syncs status" class="Tests\Feature\Transactions\OverdueTransactionTest" classname="Tests.Feature.Transactions.OverdueTransactionTest" assertions="2" time="0.026061"/>
      <testcase name="it forbids members from viewing the overdue list" file="tests\Feature\Transactions\OverdueTransactionTest.php::it forbids members from viewing the overdue list" class="Tests\Feature\Transactions\OverdueTransactionTest" classname="Tests.Feature.Transactions.OverdueTransactionTest" assertions="1" time="0.017060"/>
    </testsuite>
    <testsuite name="Tests\Feature\Transactions\ReturnBookTest" file="tests\Feature\Transactions\ReturnBookTest.php" tests="4" assertions="7" errors="0" failures="0" skipped="0" time="0.076935">
      <testcase name="it allows the borrower to return their book" file="tests\Feature\Transactions\ReturnBookTest.php::it allows the borrower to return their book" class="Tests\Feature\Transactions\ReturnBookTest" classname="Tests.Feature.Transactions.ReturnBookTest" assertions="3" time="0.023732"/>
      <testcase name="it calculates a fine when returning overdue" file="tests\Feature\Transactions\ReturnBookTest.php::it calculates a fine when returning overdue" class="Tests\Feature\Transactions\ReturnBookTest" classname="Tests.Feature.Transactions.ReturnBookTest" assertions="1" time="0.019973"/>
      <testcase name="it cannot return an already returned transaction" file="tests\Feature\Transactions\ReturnBookTest.php::it cannot return an already returned transaction" class="Tests\Feature\Transactions\ReturnBookTest" classname="Tests.Feature.Transactions.ReturnBookTest" assertions="1" time="0.016818"/>
      <testcase name="it prevents a different user from returning someone elses transaction" file="tests\Feature\Transactions\ReturnBookTest.php::it prevents a different user from returning someone elses transaction" class="Tests\Feature\Transactions\ReturnBookTest" classname="Tests.Feature.Transactions.ReturnBookTest" assertions="2" time="0.016413"/>
    </testsuite>
  </testsuite>
</testsuites>
