<?xml version="1.0" encoding="UTF-8"?>
<testsuites>
  <testsuite name="CLI Arguments" tests="14" assertions="21" errors="0" failures="0" skipped="0" time="16.486927">
    <testsuite name="D\EngineersJourney\MahasiswaCS\Semester4\ResearchMethodology\LaravelCoding\BookLibraryVibe\tests\Unit\Auth\AuthenticationServiceTest" file="tests\Unit\Auth\AuthenticationServiceTest.php" tests="13" assertions="20" errors="0" failures="0" skipped="0" time="15.218276">
      <testcase name="it register passes name and email through to the repository unchanged" file="tests\Unit\Auth\AuthenticationServiceTest.php::it register passes name and email through to the repository unchanged" class="D\EngineersJourney\MahasiswaCS\Semester4\ResearchMethodology\LaravelCoding\BookLibraryVibe\tests\Unit\Auth\AuthenticationServiceTest" classname="D.EngineersJourney.MahasiswaCS.Semester4.ResearchMethodology.LaravelCoding.BookLibraryVibe.tests.Unit.Auth.AuthenticationServiceTest" assertions="2" time="12.318100"/>
      <testcase name="it register hashes the password before passing it to the repository" file="tests\Unit\Auth\AuthenticationServiceTest.php::it register hashes the password before passing it to the repository" class="D\EngineersJourney\MahasiswaCS\Semester4\ResearchMethodology\LaravelCoding\BookLibraryVibe\tests\Unit\Auth\AuthenticationServiceTest" classname="D.EngineersJourney.MahasiswaCS.Semester4.ResearchMethodology.LaravelCoding.BookLibraryVibe.tests.Unit.Auth.AuthenticationServiceTest" assertions="1" time="0.146301"/>
      <testcase name="it register always assigns the MEMBER role" file="tests\Unit\Auth\AuthenticationServiceTest.php::it register always assigns the MEMBER role" class="D\EngineersJourney\MahasiswaCS\Semester4\ResearchMethodology\LaravelCoding\BookLibraryVibe\tests\Unit\Auth\AuthenticationServiceTest" classname="D.EngineersJourney.MahasiswaCS.Semester4.ResearchMethodology.LaravelCoding.BookLibraryVibe.tests.Unit.Auth.AuthenticationServiceTest" assertions="1" time="0.074035"/>
      <testcase name="it register returns the User instance produced by the repository" file="tests\Unit\Auth\AuthenticationServiceTest.php::it register returns the User instance produced by the repository" class="D\EngineersJourney\MahasiswaCS\Semester4\ResearchMethodology\LaravelCoding\BookLibraryVibe\tests\Unit\Auth\AuthenticationServiceTest" classname="D.EngineersJourney.MahasiswaCS.Semester4.ResearchMethodology.LaravelCoding.BookLibraryVibe.tests.Unit.Auth.AuthenticationServiceTest" assertions="2" time="0.090088"/>
      <testcase name="it login returns the user when credentials are valid" file="tests\Unit\Auth\AuthenticationServiceTest.php::it login returns the user when credentials are valid" class="D\EngineersJourney\MahasiswaCS\Semester4\ResearchMethodology\LaravelCoding\BookLibraryVibe\tests\Unit\Auth\AuthenticationServiceTest" classname="D.EngineersJourney.MahasiswaCS.Semester4.ResearchMethodology.LaravelCoding.BookLibraryVibe.tests.Unit.Auth.AuthenticationServiceTest" assertions="2" time="0.089515"/>
      <testcase name="it login throws ValidationException when the email is not found" file="tests\Unit\Auth\AuthenticationServiceTest.php::it login throws ValidationException when the email is not found" class="D\EngineersJourney\MahasiswaCS\Semester4\ResearchMethodology\LaravelCoding\BookLibraryVibe\tests\Unit\Auth\AuthenticationServiceTest" classname="D.EngineersJourney.MahasiswaCS.Semester4.ResearchMethodology.LaravelCoding.BookLibraryVibe.tests.Unit.Auth.AuthenticationServiceTest" assertions="2" time="1.788789"/>
      <testcase name="it login throws ValidationException when the password is wrong" file="tests\Unit\Auth\AuthenticationServiceTest.php::it login throws ValidationException when the password is wrong" class="D\EngineersJourney\MahasiswaCS\Semester4\ResearchMethodology\LaravelCoding\BookLibraryVibe\tests\Unit\Auth\AuthenticationServiceTest" classname="D.EngineersJourney.MahasiswaCS.Semester4.ResearchMethodology.LaravelCoding.BookLibraryVibe.tests.Unit.Auth.AuthenticationServiceTest" assertions="2" time="0.058464"/>
      <testcase name="it login attaches the error to the email field in the ValidationException" file="tests\Unit\Auth\AuthenticationServiceTest.php::it login attaches the error to the email field in the ValidationException" class="D\EngineersJourney\MahasiswaCS\Semester4\ResearchMethodology\LaravelCoding\BookLibraryVibe\tests\Unit\Auth\AuthenticationServiceTest" classname="D.EngineersJourney.MahasiswaCS.Semester4.ResearchMethodology.LaravelCoding.BookLibraryVibe.tests.Unit.Auth.AuthenticationServiceTest" assertions="1" time="0.204185"/>
      <testcase name="it updatePassword calls the repository with a hashed new password" file="tests\Unit\Auth\AuthenticationServiceTest.php::it updatePassword calls the repository with a hashed new password" class="D\EngineersJourney\MahasiswaCS\Semester4\ResearchMethodology\LaravelCoding\BookLibraryVibe\tests\Unit\Auth\AuthenticationServiceTest" classname="D.EngineersJourney.MahasiswaCS.Semester4.ResearchMethodology.LaravelCoding.BookLibraryVibe.tests.Unit.Auth.AuthenticationServiceTest" assertions="1" time="0.054284"/>
      <testcase name="it updatePassword throws ValidationException when current password is wrong" file="tests\Unit\Auth\AuthenticationServiceTest.php::it updatePassword throws ValidationException when current password is wrong" class="D\EngineersJourney\MahasiswaCS\Semester4\ResearchMethodology\LaravelCoding\BookLibraryVibe\tests\Unit\Auth\AuthenticationServiceTest" classname="D.EngineersJourney.MahasiswaCS.Semester4.ResearchMethodology.LaravelCoding.BookLibraryVibe.tests.Unit.Auth.AuthenticationServiceTest" assertions="2" time="0.079168"/>
      <testcase name="it updatePassword attaches the error to current_password field in the exception" file="tests\Unit\Auth\AuthenticationServiceTest.php::it updatePassword attaches the error to current_password field in the exception" class="D\EngineersJourney\MahasiswaCS\Semester4\ResearchMethodology\LaravelCoding\BookLibraryVibe\tests\Unit\Auth\AuthenticationServiceTest" classname="D.EngineersJourney.MahasiswaCS.Semester4.ResearchMethodology.LaravelCoding.BookLibraryVibe.tests.Unit.Auth.AuthenticationServiceTest" assertions="2" time="0.091839"/>
      <testcase name="it updatePassword does not call the repository when current password fails" file="tests\Unit\Auth\AuthenticationServiceTest.php::it updatePassword does not call the repository when current password fails" class="D\EngineersJourney\MahasiswaCS\Semester4\ResearchMethodology\LaravelCoding\BookLibraryVibe\tests\Unit\Auth\AuthenticationServiceTest" classname="D.EngineersJourney.MahasiswaCS.Semester4.ResearchMethodology.LaravelCoding.BookLibraryVibe.tests.Unit.Auth.AuthenticationServiceTest" assertions="1" time="0.118518"/>
      <testcase name="it updatePassword never stores the new password as plain text" file="tests\Unit\Auth\AuthenticationServiceTest.php::it updatePassword never stores the new password as plain text" class="D\EngineersJourney\MahasiswaCS\Semester4\ResearchMethodology\LaravelCoding\BookLibraryVibe\tests\Unit\Auth\AuthenticationServiceTest" classname="D.EngineersJourney.MahasiswaCS.Semester4.ResearchMethodology.LaravelCoding.BookLibraryVibe.tests.Unit.Auth.AuthenticationServiceTest" assertions="1" time="0.104990"/>
    </testsuite>
    <testsuite name="D\EngineersJourney\MahasiswaCS\Semester4\ResearchMethodology\LaravelCoding\BookLibraryVibe\tests\Unit\ExampleTest" file="tests\Unit\ExampleTest.php" tests="1" assertions="1" errors="0" failures="0" skipped="0" time="1.268651">
      <testcase name="that true is true" file="tests\Unit\ExampleTest.php::that true is true" class="D\EngineersJourney\MahasiswaCS\Semester4\ResearchMethodology\LaravelCoding\BookLibraryVibe\tests\Unit\ExampleTest" classname="D.EngineersJourney.MahasiswaCS.Semester4.ResearchMethodology.LaravelCoding.BookLibraryVibe.tests.Unit.ExampleTest" assertions="1" time="1.268651"/>
    </testsuite>
  </testsuite>
</testsuites>
