<?xml version="1.0" encoding="UTF-8"?>
<testsuites>
  <testsuite name="CLI Arguments" tests="24" assertions="25" errors="9" failures="0" skipped="0" time="21.696792">
    <testsuite name="D\EngineersJourney\MahasiswaCS\Semester4\ResearchMethodology\LaravelCoding\BookLibraryVibe\tests\Unit\Auth\AuthenticationServiceTest" file="tests\Unit\Auth\AuthenticationServiceTest.php" tests="13" assertions="20" errors="0" failures="0" skipped="0" time="9.519287">
      <testcase name="it register passes name and email through to the repository unchanged" file="tests\Unit\Auth\AuthenticationServiceTest.php::it register passes name and email through to the repository unchanged" class="D\EngineersJourney\MahasiswaCS\Semester4\ResearchMethodology\LaravelCoding\BookLibraryVibe\tests\Unit\Auth\AuthenticationServiceTest" classname="D.EngineersJourney.MahasiswaCS.Semester4.ResearchMethodology.LaravelCoding.BookLibraryVibe.tests.Unit.Auth.AuthenticationServiceTest" assertions="2" time="8.011206"/>
      <testcase name="it register hashes the password before passing it to the repository" file="tests\Unit\Auth\AuthenticationServiceTest.php::it register hashes the password before passing it to the repository" class="D\EngineersJourney\MahasiswaCS\Semester4\ResearchMethodology\LaravelCoding\BookLibraryVibe\tests\Unit\Auth\AuthenticationServiceTest" classname="D.EngineersJourney.MahasiswaCS.Semester4.ResearchMethodology.LaravelCoding.BookLibraryVibe.tests.Unit.Auth.AuthenticationServiceTest" assertions="1" time="0.061706"/>
      <testcase name="it register always assigns the MEMBER role" file="tests\Unit\Auth\AuthenticationServiceTest.php::it register always assigns the MEMBER role" class="D\EngineersJourney\MahasiswaCS\Semester4\ResearchMethodology\LaravelCoding\BookLibraryVibe\tests\Unit\Auth\AuthenticationServiceTest" classname="D.EngineersJourney.MahasiswaCS.Semester4.ResearchMethodology.LaravelCoding.BookLibraryVibe.tests.Unit.Auth.AuthenticationServiceTest" assertions="1" time="0.054114"/>
      <testcase name="it register returns the User instance produced by the repository" file="tests\Unit\Auth\AuthenticationServiceTest.php::it register returns the User instance produced by the repository" class="D\EngineersJourney\MahasiswaCS\Semester4\ResearchMethodology\LaravelCoding\BookLibraryVibe\tests\Unit\Auth\AuthenticationServiceTest" classname="D.EngineersJourney.MahasiswaCS.Semester4.ResearchMethodology.LaravelCoding.BookLibraryVibe.tests.Unit.Auth.AuthenticationServiceTest" assertions="2" time="0.048488"/>
      <testcase name="it login returns the user when credentials are valid" file="tests\Unit\Auth\AuthenticationServiceTest.php::it login returns the user when credentials are valid" class="D\EngineersJourney\MahasiswaCS\Semester4\ResearchMethodology\LaravelCoding\BookLibraryVibe\tests\Unit\Auth\AuthenticationServiceTest" classname="D.EngineersJourney.MahasiswaCS.Semester4.ResearchMethodology.LaravelCoding.BookLibraryVibe.tests.Unit.Auth.AuthenticationServiceTest" assertions="2" time="0.051953"/>
      <testcase name="it login throws ValidationException when the email is not found" file="tests\Unit\Auth\AuthenticationServiceTest.php::it login throws ValidationException when the email is not found" class="D\EngineersJourney\MahasiswaCS\Semester4\ResearchMethodology\LaravelCoding\BookLibraryVibe\tests\Unit\Auth\AuthenticationServiceTest" classname="D.EngineersJourney.MahasiswaCS.Semester4.ResearchMethodology.LaravelCoding.BookLibraryVibe.tests.Unit.Auth.AuthenticationServiceTest" assertions="2" time="0.822121"/>
      <testcase name="it login throws ValidationException when the password is wrong" file="tests\Unit\Auth\AuthenticationServiceTest.php::it login throws ValidationException when the password is wrong" class="D\EngineersJourney\MahasiswaCS\Semester4\ResearchMethodology\LaravelCoding\BookLibraryVibe\tests\Unit\Auth\AuthenticationServiceTest" classname="D.EngineersJourney.MahasiswaCS.Semester4.ResearchMethodology.LaravelCoding.BookLibraryVibe.tests.Unit.Auth.AuthenticationServiceTest" assertions="2" time="0.049762"/>
      <testcase name="it login attaches the error to the email field in the ValidationException" file="tests\Unit\Auth\AuthenticationServiceTest.php::it login attaches the error to the email field in the ValidationException" class="D\EngineersJourney\MahasiswaCS\Semester4\ResearchMethodology\LaravelCoding\BookLibraryVibe\tests\Unit\Auth\AuthenticationServiceTest" classname="D.EngineersJourney.MahasiswaCS.Semester4.ResearchMethodology.LaravelCoding.BookLibraryVibe.tests.Unit.Auth.AuthenticationServiceTest" assertions="1" time="0.079101"/>
      <testcase name="it updatePassword calls the repository with a hashed new password" file="tests\Unit\Auth\AuthenticationServiceTest.php::it updatePassword calls the repository with a hashed new password" class="D\EngineersJourney\MahasiswaCS\Semester4\ResearchMethodology\LaravelCoding\BookLibraryVibe\tests\Unit\Auth\AuthenticationServiceTest" classname="D.EngineersJourney.MahasiswaCS.Semester4.ResearchMethodology.LaravelCoding.BookLibraryVibe.tests.Unit.Auth.AuthenticationServiceTest" assertions="1" time="0.065481"/>
      <testcase name="it updatePassword throws ValidationException when current password is wrong" file="tests\Unit\Auth\AuthenticationServiceTest.php::it updatePassword throws ValidationException when current password is wrong" class="D\EngineersJourney\MahasiswaCS\Semester4\ResearchMethodology\LaravelCoding\BookLibraryVibe\tests\Unit\Auth\AuthenticationServiceTest" classname="D.EngineersJourney.MahasiswaCS.Semester4.ResearchMethodology.LaravelCoding.BookLibraryVibe.tests.Unit.Auth.AuthenticationServiceTest" assertions="2" time="0.058661"/>
      <testcase name="it updatePassword attaches the error to current_password field in the exception" file="tests\Unit\Auth\AuthenticationServiceTest.php::it updatePassword attaches the error to current_password field in the exception" class="D\EngineersJourney\MahasiswaCS\Semester4\ResearchMethodology\LaravelCoding\BookLibraryVibe\tests\Unit\Auth\AuthenticationServiceTest" classname="D.EngineersJourney.MahasiswaCS.Semester4.ResearchMethodology.LaravelCoding.BookLibraryVibe.tests.Unit.Auth.AuthenticationServiceTest" assertions="2" time="0.073990"/>
      <testcase name="it updatePassword does not call the repository when current password fails" file="tests\Unit\Auth\AuthenticationServiceTest.php::it updatePassword does not call the repository when current password fails" class="D\EngineersJourney\MahasiswaCS\Semester4\ResearchMethodology\LaravelCoding\BookLibraryVibe\tests\Unit\Auth\AuthenticationServiceTest" classname="D.EngineersJourney.MahasiswaCS.Semester4.ResearchMethodology.LaravelCoding.BookLibraryVibe.tests.Unit.Auth.AuthenticationServiceTest" assertions="1" time="0.082297"/>
      <testcase name="it updatePassword never stores the new password as plain text" file="tests\Unit\Auth\AuthenticationServiceTest.php::it updatePassword never stores the new password as plain text" class="D\EngineersJourney\MahasiswaCS\Semester4\ResearchMethodology\LaravelCoding\BookLibraryVibe\tests\Unit\Auth\AuthenticationServiceTest" classname="D.EngineersJourney.MahasiswaCS.Semester4.ResearchMethodology.LaravelCoding.BookLibraryVibe.tests.Unit.Auth.AuthenticationServiceTest" assertions="1" time="0.060406"/>
    </testsuite>
    <testsuite name="D\EngineersJourney\MahasiswaCS\Semester4\ResearchMethodology\LaravelCoding\BookLibraryVibe\tests\Unit\Authors\AuthorServiceTest" file="tests\Unit\Authors\AuthorServiceTest.php" tests="4" assertions="2" errors="3" failures="0" skipped="0" time="10.689126">
      <testcase name="it delete fails when author has books" file="tests\Unit\Authors\AuthorServiceTest.php::it delete fails when author has books" class="D\EngineersJourney\MahasiswaCS\Semester4\ResearchMethodology\LaravelCoding\BookLibraryVibe\tests\Unit\Authors\AuthorServiceTest" classname="D.EngineersJourney.MahasiswaCS.Semester4.ResearchMethodology.LaravelCoding.BookLibraryVibe.tests.Unit.Authors.AuthorServiceTest" assertions="0" time="7.714449">
        <error type="BadMethodCallException">it delete fails when author has booksBadMethodCallException: Call to undefined method App\Models\Author::factory()&#13;
at vendor\laravel\framework\src\Illuminate\Support\Traits\ForwardsCalls.php:67
at vendor\laravel\framework\src\Illuminate\Support\Traits\ForwardsCalls.php:36
at vendor\laravel\framework\src\Illuminate\Database\Eloquent\Model.php:2544
at vendor\laravel\framework\src\Illuminate\Database\Eloquent\Model.php:2560
at tests\Unit\Authors\AuthorServiceTest.php:11</error>
      </testcase>
      <testcase name="it delete succeeds when author has no books" file="tests\Unit\Authors\AuthorServiceTest.php::it delete succeeds when author has no books" class="D\EngineersJourney\MahasiswaCS\Semester4\ResearchMethodology\LaravelCoding\BookLibraryVibe\tests\Unit\Authors\AuthorServiceTest" classname="D.EngineersJourney.MahasiswaCS.Semester4.ResearchMethodology.LaravelCoding.BookLibraryVibe.tests.Unit.Authors.AuthorServiceTest" assertions="0" time="0.080638">
        <error type="BadMethodCallException">it delete succeeds when author has no booksBadMethodCallException: Call to undefined method App\Models\Author::factory()&#13;
at vendor\laravel\framework\src\Illuminate\Support\Traits\ForwardsCalls.php:67
at vendor\laravel\framework\src\Illuminate\Support\Traits\ForwardsCalls.php:36
at vendor\laravel\framework\src\Illuminate\Database\Eloquent\Model.php:2544
at vendor\laravel\framework\src\Illuminate\Database\Eloquent\Model.php:2560
at tests\Unit\Authors\AuthorServiceTest.php:23</error>
      </testcase>
      <testcase name="it create persists author" file="tests\Unit\Authors\AuthorServiceTest.php::it create persists author" class="D\EngineersJourney\MahasiswaCS\Semester4\ResearchMethodology\LaravelCoding\BookLibraryVibe\tests\Unit\Authors\AuthorServiceTest" classname="D.EngineersJourney.MahasiswaCS.Semester4.ResearchMethodology.LaravelCoding.BookLibraryVibe.tests.Unit.Authors.AuthorServiceTest" assertions="2" time="2.792578"/>
      <testcase name="it update modifies author fields" file="tests\Unit\Authors\AuthorServiceTest.php::it update modifies author fields" class="D\EngineersJourney\MahasiswaCS\Semester4\ResearchMethodology\LaravelCoding\BookLibraryVibe\tests\Unit\Authors\AuthorServiceTest" classname="D.EngineersJourney.MahasiswaCS.Semester4.ResearchMethodology.LaravelCoding.BookLibraryVibe.tests.Unit.Authors.AuthorServiceTest" assertions="0" time="0.101461">
        <error type="BadMethodCallException">it update modifies author fieldsBadMethodCallException: Call to undefined method App\Models\Author::factory()&#13;
at vendor\laravel\framework\src\Illuminate\Support\Traits\ForwardsCalls.php:67
at vendor\laravel\framework\src\Illuminate\Support\Traits\ForwardsCalls.php:36
at vendor\laravel\framework\src\Illuminate\Database\Eloquent\Model.php:2544
at vendor\laravel\framework\src\Illuminate\Database\Eloquent\Model.php:2560
at tests\Unit\Authors\AuthorServiceTest.php:42</error>
      </testcase>
    </testsuite>
    <testsuite name="D\EngineersJourney\MahasiswaCS\Semester4\ResearchMethodology\LaravelCoding\BookLibraryVibe\tests\Unit\Books\BookServiceTest" file="tests\Unit\Books\BookServiceTest.php" tests="4" assertions="1" errors="4" failures="0" skipped="0" time="1.263699">
      <testcase name="it delegates search to the repository" file="tests\Unit\Books\BookServiceTest.php::it delegates search to the repository" class="D\EngineersJourney\MahasiswaCS\Semester4\ResearchMethodology\LaravelCoding\BookLibraryVibe\tests\Unit\Books\BookServiceTest" classname="D.EngineersJourney.MahasiswaCS.Semester4.ResearchMethodology.LaravelCoding.BookLibraryVibe.tests.Unit.Books.BookServiceTest" assertions="1" time="1.057899">
        <error type="Mockery\Exception\NoMatchingExpectationException">it delegates search to the repositoryMockery\Exception\NoMatchingExpectationException: No matching handler found for Mockery_3_App_Repositories_BookRepository::search(NULL, NULL, 'title', 'asc'). Either the method was unexpected or its arguments matched no expected argument list for this method&#13;
&#13;
&#13;
at vendor\mockery\mockery\library\Mockery\ExpectationDirector.php:90
at app\Services\BookService.php:15
at tests\Unit\Books\BookServiceTest.php:19</error>
      </testcase>
      <testcase name="it delegates find to the repository" file="tests\Unit\Books\BookServiceTest.php::it delegates find to the repository" class="D\EngineersJourney\MahasiswaCS\Semester4\ResearchMethodology\LaravelCoding\BookLibraryVibe\tests\Unit\Books\BookServiceTest" classname="D.EngineersJourney.MahasiswaCS.Semester4.ResearchMethodology.LaravelCoding.BookLibraryVibe.tests.Unit.Books.BookServiceTest" assertions="0" time="0.062624">
        <error type="BadMethodCallException">it delegates find to the repositoryBadMethodCallException: Call to undefined method App\Models\Book::factory()&#13;
at vendor\laravel\framework\src\Illuminate\Support\Traits\ForwardsCalls.php:67
at vendor\laravel\framework\src\Illuminate\Support\Traits\ForwardsCalls.php:36
at vendor\laravel\framework\src\Illuminate\Database\Eloquent\Model.php:2544
at vendor\laravel\framework\src\Illuminate\Database\Eloquent\Model.php:2560
at tests\Unit\Books\BookServiceTest.php:23</error>
      </testcase>
      <testcase name="it delegates create to the repository" file="tests\Unit\Books\BookServiceTest.php::it delegates create to the repository" class="D\EngineersJourney\MahasiswaCS\Semester4\ResearchMethodology\LaravelCoding\BookLibraryVibe\tests\Unit\Books\BookServiceTest" classname="D.EngineersJourney.MahasiswaCS.Semester4.ResearchMethodology.LaravelCoding.BookLibraryVibe.tests.Unit.Books.BookServiceTest" assertions="0" time="0.066793">
        <error type="BadMethodCallException">it delegates create to the repositoryBadMethodCallException: Call to undefined method App\Models\Author::factory()&#13;
at vendor\laravel\framework\src\Illuminate\Support\Traits\ForwardsCalls.php:67
at vendor\laravel\framework\src\Illuminate\Support\Traits\ForwardsCalls.php:36
at vendor\laravel\framework\src\Illuminate\Database\Eloquent\Model.php:2544
at vendor\laravel\framework\src\Illuminate\Database\Eloquent\Model.php:2560
at tests\Unit\Books\BookServiceTest.php:33</error>
      </testcase>
      <testcase name="it delete returns success result" file="tests\Unit\Books\BookServiceTest.php::it delete returns success result" class="D\EngineersJourney\MahasiswaCS\Semester4\ResearchMethodology\LaravelCoding\BookLibraryVibe\tests\Unit\Books\BookServiceTest" classname="D.EngineersJourney.MahasiswaCS.Semester4.ResearchMethodology.LaravelCoding.BookLibraryVibe.tests.Unit.Books.BookServiceTest" assertions="0" time="0.076383">
        <error type="BadMethodCallException">it delete returns success resultBadMethodCallException: Call to undefined method App\Models\Book::factory()&#13;
at vendor\laravel\framework\src\Illuminate\Support\Traits\ForwardsCalls.php:67
at vendor\laravel\framework\src\Illuminate\Support\Traits\ForwardsCalls.php:36
at vendor\laravel\framework\src\Illuminate\Database\Eloquent\Model.php:2544
at vendor\laravel\framework\src\Illuminate\Database\Eloquent\Model.php:2560
at tests\Unit\Books\BookServiceTest.php:45</error>
      </testcase>
    </testsuite>
    <testsuite name="D\EngineersJourney\MahasiswaCS\Semester4\ResearchMethodology\LaravelCoding\BookLibraryVibe\tests\Unit\Categories\CategoryServiceTest" file="tests\Unit\Categories\CategoryServiceTest.php" tests="3" assertions="2" errors="2" failures="0" skipped="0" time="0.224680">
      <testcase name="it create persists category" file="tests\Unit\Categories\CategoryServiceTest.php::it create persists category" class="D\EngineersJourney\MahasiswaCS\Semester4\ResearchMethodology\LaravelCoding\BookLibraryVibe\tests\Unit\Categories\CategoryServiceTest" classname="D.EngineersJourney.MahasiswaCS.Semester4.ResearchMethodology.LaravelCoding.BookLibraryVibe.tests.Unit.Categories.CategoryServiceTest" assertions="2" time="0.102487"/>
      <testcase name="it update modifies category name" file="tests\Unit\Categories\CategoryServiceTest.php::it update modifies category name" class="D\EngineersJourney\MahasiswaCS\Semester4\ResearchMethodology\LaravelCoding\BookLibraryVibe\tests\Unit\Categories\CategoryServiceTest" classname="D.EngineersJourney.MahasiswaCS.Semester4.ResearchMethodology.LaravelCoding.BookLibraryVibe.tests.Unit.Categories.CategoryServiceTest" assertions="0" time="0.063729">
        <error type="BadMethodCallException">it update modifies category nameBadMethodCallException: Call to undefined method App\Models\Category::factory()&#13;
at vendor\laravel\framework\src\Illuminate\Support\Traits\ForwardsCalls.php:67
at vendor\laravel\framework\src\Illuminate\Support\Traits\ForwardsCalls.php:36
at vendor\laravel\framework\src\Illuminate\Database\Eloquent\Model.php:2544
at vendor\laravel\framework\src\Illuminate\Database\Eloquent\Model.php:2560
at tests\Unit\Categories\CategoryServiceTest.php:20</error>
      </testcase>
      <testcase name="it delete removes category and detaches books" file="tests\Unit\Categories\CategoryServiceTest.php::it delete removes category and detaches books" class="D\EngineersJourney\MahasiswaCS\Semester4\ResearchMethodology\LaravelCoding\BookLibraryVibe\tests\Unit\Categories\CategoryServiceTest" classname="D.EngineersJourney.MahasiswaCS.Semester4.ResearchMethodology.LaravelCoding.BookLibraryVibe.tests.Unit.Categories.CategoryServiceTest" assertions="0" time="0.058464">
        <error type="BadMethodCallException">it delete removes category and detaches booksBadMethodCallException: Call to undefined method App\Models\Category::factory()&#13;
at vendor\laravel\framework\src\Illuminate\Support\Traits\ForwardsCalls.php:67
at vendor\laravel\framework\src\Illuminate\Support\Traits\ForwardsCalls.php:36
at vendor\laravel\framework\src\Illuminate\Database\Eloquent\Model.php:2544
at vendor\laravel\framework\src\Illuminate\Database\Eloquent\Model.php:2560
at tests\Unit\Categories\CategoryServiceTest.php:29</error>
      </testcase>
    </testsuite>
  </testsuite>
</testsuites>
