<?xml version="1.0" encoding="UTF-8"?>
<testsuites>
  <testsuite name="CLI Arguments" tests="152" assertions="277" errors="8" failures="7" skipped="0" time="6.661680">
    <testsuite name="D\EngineersJourney\MahasiswaCS\Semester4\ResearchMethodology\LaravelCoding\BookLibraryVibe\tests\Feature\Auth\LoginTest" file="tests\Feature\Auth\LoginTest.php" tests="9" assertions="20" errors="0" failures="0" skipped="0" time="0.831424">
      <testcase name="it logs in a user with valid credentials and redirects to dashboard" file="tests\Feature\Auth\LoginTest.php::it logs in a user with valid credentials and redirects to dashboard" class="D\EngineersJourney\MahasiswaCS\Semester4\ResearchMethodology\LaravelCoding\BookLibraryVibe\tests\Feature\Auth\LoginTest" classname="D.EngineersJourney.MahasiswaCS.Semester4.ResearchMethodology.LaravelCoding.BookLibraryVibe.tests.Feature.Auth.LoginTest" assertions="2" time="0.588957"/>
      <testcase name="it authenticates the user session after a successful login" file="tests\Feature\Auth\LoginTest.php::it authenticates the user session after a successful login" class="D\EngineersJourney\MahasiswaCS\Semester4\ResearchMethodology\LaravelCoding\BookLibraryVibe\tests\Feature\Auth\LoginTest" classname="D.EngineersJourney.MahasiswaCS.Semester4.ResearchMethodology.LaravelCoding.BookLibraryVibe.tests.Feature.Auth.LoginTest" assertions="3" time="0.041168"/>
      <testcase name="it rejects login when the password is incorrect" file="tests\Feature\Auth\LoginTest.php::it rejects login when the password is incorrect" class="D\EngineersJourney\MahasiswaCS\Semester4\ResearchMethodology\LaravelCoding\BookLibraryVibe\tests\Feature\Auth\LoginTest" classname="D.EngineersJourney.MahasiswaCS.Semester4.ResearchMethodology.LaravelCoding.BookLibraryVibe.tests.Feature.Auth.LoginTest" assertions="3" time="0.039572"/>
      <testcase name="it rejects login when the email does not exist" file="tests\Feature\Auth\LoginTest.php::it rejects login when the email does not exist" class="D\EngineersJourney\MahasiswaCS\Semester4\ResearchMethodology\LaravelCoding\BookLibraryVibe\tests\Feature\Auth\LoginTest" classname="D.EngineersJourney.MahasiswaCS.Semester4.ResearchMethodology.LaravelCoding.BookLibraryVibe.tests.Feature.Auth.LoginTest" assertions="3" time="0.022895"/>
      <testcase name="it rejects login when email field is empty" file="tests\Feature\Auth\LoginTest.php::it rejects login when email field is empty" class="D\EngineersJourney\MahasiswaCS\Semester4\ResearchMethodology\LaravelCoding\BookLibraryVibe\tests\Feature\Auth\LoginTest" classname="D.EngineersJourney.MahasiswaCS.Semester4.ResearchMethodology.LaravelCoding.BookLibraryVibe.tests.Feature.Auth.LoginTest" assertions="2" time="0.023111"/>
      <testcase name="it rejects login when email format is invalid" file="tests\Feature\Auth\LoginTest.php::it rejects login when email format is invalid" class="D\EngineersJourney\MahasiswaCS\Semester4\ResearchMethodology\LaravelCoding\BookLibraryVibe\tests\Feature\Auth\LoginTest" classname="D.EngineersJourney.MahasiswaCS.Semester4.ResearchMethodology.LaravelCoding.BookLibraryVibe.tests.Feature.Auth.LoginTest" assertions="2" time="0.024479"/>
      <testcase name="it rejects login when password field is empty" file="tests\Feature\Auth\LoginTest.php::it rejects login when password field is empty" class="D\EngineersJourney\MahasiswaCS\Semester4\ResearchMethodology\LaravelCoding\BookLibraryVibe\tests\Feature\Auth\LoginTest" classname="D.EngineersJourney.MahasiswaCS.Semester4.ResearchMethodology.LaravelCoding.BookLibraryVibe.tests.Feature.Auth.LoginTest" assertions="2" time="0.022150"/>
      <testcase name="it redirects authenticated users away from the login page" file="tests\Feature\Auth\LoginTest.php::it redirects authenticated users away from the login page" class="D\EngineersJourney\MahasiswaCS\Semester4\ResearchMethodology\LaravelCoding\BookLibraryVibe\tests\Feature\Auth\LoginTest" classname="D.EngineersJourney.MahasiswaCS.Semester4.ResearchMethodology.LaravelCoding.BookLibraryVibe.tests.Feature.Auth.LoginTest" assertions="1" time="0.023681"/>
      <testcase name="it renders the login page for guests" file="tests\Feature\Auth\LoginTest.php::it renders the login page for guests" class="D\EngineersJourney\MahasiswaCS\Semester4\ResearchMethodology\LaravelCoding\BookLibraryVibe\tests\Feature\Auth\LoginTest" classname="D.EngineersJourney.MahasiswaCS.Semester4.ResearchMethodology.LaravelCoding.BookLibraryVibe.tests.Feature.Auth.LoginTest" assertions="2" time="0.045411"/>
    </testsuite>
    <testsuite name="D\EngineersJourney\MahasiswaCS\Semester4\ResearchMethodology\LaravelCoding\BookLibraryVibe\tests\Feature\Auth\LogoutTest" file="tests\Feature\Auth\LogoutTest.php" tests="4" assertions="7" errors="0" failures="1" skipped="0" time="0.657939">
      <testcase name="it logs out an authenticated user and redirects to login" file="tests\Feature\Auth\LogoutTest.php::it logs out an authenticated user and redirects to login" class="D\EngineersJourney\MahasiswaCS\Semester4\ResearchMethodology\LaravelCoding\BookLibraryVibe\tests\Feature\Auth\LogoutTest" classname="D.EngineersJourney.MahasiswaCS.Semester4.ResearchMethodology.LaravelCoding.BookLibraryVibe.tests.Feature.Auth.LogoutTest" assertions="2" time="0.091007"/>
      <testcase name="it de-authenticates the user after logout" file="tests\Feature\Auth\LogoutTest.php::it de-authenticates the user after logout" class="D\EngineersJourney\MahasiswaCS\Semester4\ResearchMethodology\LaravelCoding\BookLibraryVibe\tests\Feature\Auth\LogoutTest" classname="D.EngineersJourney.MahasiswaCS.Semester4.ResearchMethodology.LaravelCoding.BookLibraryVibe.tests.Feature.Auth.LogoutTest" assertions="1" time="0.086549"/>
      <testcase name="it regenerates the CSRF token after logout" file="tests\Feature\Auth\LogoutTest.php::it regenerates the CSRF token after logout" class="D\EngineersJourney\MahasiswaCS\Semester4\ResearchMethodology\LaravelCoding\BookLibraryVibe\tests\Feature\Auth\LogoutTest" classname="D.EngineersJourney.MahasiswaCS.Semester4.ResearchMethodology.LaravelCoding.BookLibraryVibe.tests.Feature.Auth.LogoutTest" assertions="2" time="0.066703"/>
      <testcase name="it redirects unauthenticated requests to the logout route back to login" file="tests\Feature\Auth\LogoutTest.php::it redirects unauthenticated requests to the logout route back to login" class="D\EngineersJourney\MahasiswaCS\Semester4\ResearchMethodology\LaravelCoding\BookLibraryVibe\tests\Feature\Auth\LogoutTest" classname="D.EngineersJourney.MahasiswaCS.Semester4.ResearchMethodology.LaravelCoding.BookLibraryVibe.tests.Feature.Auth.LogoutTest" assertions="2" time="0.413680">
        <failure type="PHPUnit\Framework\ExpectationFailedException">it redirects unauthenticated requests to the logout route back to loginFailed asserting that two strings are equal.&#13;
at vendor\laravel\framework\src\Illuminate\Testing\TestResponseAssert.php:45
at vendor\laravel\framework\src\Illuminate\Testing\TestResponse.php:432
at vendor\laravel\framework\src\Illuminate\Testing\TestResponse.php:206
at tests\Feature\Auth\LogoutTest.php:45</failure>
      </testcase>
    </testsuite>
    <testsuite name="D\EngineersJourney\MahasiswaCS\Semester4\ResearchMethodology\LaravelCoding\BookLibraryVibe\tests\Feature\Auth\RegisterTest" file="tests\Feature\Auth\RegisterTest.php" tests="13" assertions="24" errors="0" failures="0" skipped="0" time="0.448270">
      <testcase name="it registers a new user with valid data and redirects to dashboard" file="tests\Feature\Auth\RegisterTest.php::it registers a new user with valid data and redirects to dashboard" class="D\EngineersJourney\MahasiswaCS\Semester4\ResearchMethodology\LaravelCoding\BookLibraryVibe\tests\Feature\Auth\RegisterTest" classname="D.EngineersJourney.MahasiswaCS.Semester4.ResearchMethodology.LaravelCoding.BookLibraryVibe.tests.Feature.Auth.RegisterTest" assertions="2" time="0.048519"/>
      <testcase name="it creates a database record for the new user" file="tests\Feature\Auth\RegisterTest.php::it creates a database record for the new user" class="D\EngineersJourney\MahasiswaCS\Semester4\ResearchMethodology\LaravelCoding\BookLibraryVibe\tests\Feature\Auth\RegisterTest" classname="D.EngineersJourney.MahasiswaCS.Semester4.ResearchMethodology.LaravelCoding.BookLibraryVibe.tests.Feature.Auth.RegisterTest" assertions="1" time="0.053824"/>
      <testcase name="it stores the password as a bcrypt hash, never plain text" file="tests\Feature\Auth\RegisterTest.php::it stores the password as a bcrypt hash, never plain text" class="D\EngineersJourney\MahasiswaCS\Semester4\ResearchMethodology\LaravelCoding\BookLibraryVibe\tests\Feature\Auth\RegisterTest" classname="D.EngineersJourney.MahasiswaCS.Semester4.ResearchMethodology.LaravelCoding.BookLibraryVibe.tests.Feature.Auth.RegisterTest" assertions="2" time="0.043231"/>
      <testcase name="it assigns the MEMBER role to every newly registered user" file="tests\Feature\Auth\RegisterTest.php::it assigns the MEMBER role to every newly registered user" class="D\EngineersJourney\MahasiswaCS\Semester4\ResearchMethodology\LaravelCoding\BookLibraryVibe\tests\Feature\Auth\RegisterTest" classname="D.EngineersJourney.MahasiswaCS.Semester4.ResearchMethodology.LaravelCoding.BookLibraryVibe.tests.Feature.Auth.RegisterTest" assertions="1" time="0.029792"/>
      <testcase name="it authenticates the user immediately after registration" file="tests\Feature\Auth\RegisterTest.php::it authenticates the user immediately after registration" class="D\EngineersJourney\MahasiswaCS\Semester4\ResearchMethodology\LaravelCoding\BookLibraryVibe\tests\Feature\Auth\RegisterTest" classname="D.EngineersJourney.MahasiswaCS.Semester4.ResearchMethodology.LaravelCoding.BookLibraryVibe.tests.Feature.Auth.RegisterTest" assertions="1" time="0.024321"/>
      <testcase name="it rejects registration when name is missing" file="tests\Feature\Auth\RegisterTest.php::it rejects registration when name is missing" class="D\EngineersJourney\MahasiswaCS\Semester4\ResearchMethodology\LaravelCoding\BookLibraryVibe\tests\Feature\Auth\RegisterTest" classname="D.EngineersJourney.MahasiswaCS.Semester4.ResearchMethodology.LaravelCoding.BookLibraryVibe.tests.Feature.Auth.RegisterTest" assertions="3" time="0.025387"/>
      <testcase name="it rejects registration when email is missing" file="tests\Feature\Auth\RegisterTest.php::it rejects registration when email is missing" class="D\EngineersJourney\MahasiswaCS\Semester4\ResearchMethodology\LaravelCoding\BookLibraryVibe\tests\Feature\Auth\RegisterTest" classname="D.EngineersJourney.MahasiswaCS.Semester4.ResearchMethodology.LaravelCoding.BookLibraryVibe.tests.Feature.Auth.RegisterTest" assertions="2" time="0.037795"/>
      <testcase name="it rejects registration when email format is invalid" file="tests\Feature\Auth\RegisterTest.php::it rejects registration when email format is invalid" class="D\EngineersJourney\MahasiswaCS\Semester4\ResearchMethodology\LaravelCoding\BookLibraryVibe\tests\Feature\Auth\RegisterTest" classname="D.EngineersJourney.MahasiswaCS.Semester4.ResearchMethodology.LaravelCoding.BookLibraryVibe.tests.Feature.Auth.RegisterTest" assertions="2" time="0.021924"/>
      <testcase name="it rejects registration when email is already taken" file="tests\Feature\Auth\RegisterTest.php::it rejects registration when email is already taken" class="D\EngineersJourney\MahasiswaCS\Semester4\ResearchMethodology\LaravelCoding\BookLibraryVibe\tests\Feature\Auth\RegisterTest" classname="D.EngineersJourney.MahasiswaCS.Semester4.ResearchMethodology.LaravelCoding.BookLibraryVibe.tests.Feature.Auth.RegisterTest" assertions="3" time="0.031355"/>
      <testcase name="it rejects registration when password is missing" file="tests\Feature\Auth\RegisterTest.php::it rejects registration when password is missing" class="D\EngineersJourney\MahasiswaCS\Semester4\ResearchMethodology\LaravelCoding\BookLibraryVibe\tests\Feature\Auth\RegisterTest" classname="D.EngineersJourney.MahasiswaCS.Semester4.ResearchMethodology.LaravelCoding.BookLibraryVibe.tests.Feature.Auth.RegisterTest" assertions="2" time="0.045363"/>
      <testcase name="it rejects registration when password is shorter than 8 characters" file="tests\Feature\Auth\RegisterTest.php::it rejects registration when password is shorter than 8 characters" class="D\EngineersJourney\MahasiswaCS\Semester4\ResearchMethodology\LaravelCoding\BookLibraryVibe\tests\Feature\Auth\RegisterTest" classname="D.EngineersJourney.MahasiswaCS.Semester4.ResearchMethodology.LaravelCoding.BookLibraryVibe.tests.Feature.Auth.RegisterTest" assertions="2" time="0.033795"/>
      <testcase name="it rejects registration when password confirmation does not match" file="tests\Feature\Auth\RegisterTest.php::it rejects registration when password confirmation does not match" class="D\EngineersJourney\MahasiswaCS\Semester4\ResearchMethodology\LaravelCoding\BookLibraryVibe\tests\Feature\Auth\RegisterTest" classname="D.EngineersJourney.MahasiswaCS.Semester4.ResearchMethodology.LaravelCoding.BookLibraryVibe.tests.Feature.Auth.RegisterTest" assertions="2" time="0.026967"/>
      <testcase name="it redirects authenticated users away from the register page" file="tests\Feature\Auth\RegisterTest.php::it redirects authenticated users away from the register page" class="D\EngineersJourney\MahasiswaCS\Semester4\ResearchMethodology\LaravelCoding\BookLibraryVibe\tests\Feature\Auth\RegisterTest" classname="D.EngineersJourney.MahasiswaCS.Semester4.ResearchMethodology.LaravelCoding.BookLibraryVibe.tests.Feature.Auth.RegisterTest" assertions="1" time="0.025997"/>
    </testsuite>
    <testsuite name="D\EngineersJourney\MahasiswaCS\Semester4\ResearchMethodology\LaravelCoding\BookLibraryVibe\tests\Feature\Auth\UpdatePasswordTest" file="tests\Feature\Auth\UpdatePasswordTest.php" tests="9" assertions="17" errors="0" failures="1" skipped="0" time="0.359435">
      <testcase name="it updates the password when the current password is correct" file="tests\Feature\Auth\UpdatePasswordTest.php::it updates the password when the current password is correct" class="D\EngineersJourney\MahasiswaCS\Semester4\ResearchMethodology\LaravelCoding\BookLibraryVibe\tests\Feature\Auth\UpdatePasswordTest" classname="D.EngineersJourney.MahasiswaCS.Semester4.ResearchMethodology.LaravelCoding.BookLibraryVibe.tests.Feature.Auth.UpdatePasswordTest" assertions="2" time="0.111442"/>
      <testcase name="it persists the new password as a bcrypt hash in the database" file="tests\Feature\Auth\UpdatePasswordTest.php::it persists the new password as a bcrypt hash in the database" class="D\EngineersJourney\MahasiswaCS\Semester4\ResearchMethodology\LaravelCoding\BookLibraryVibe\tests\Feature\Auth\UpdatePasswordTest" classname="D.EngineersJourney.MahasiswaCS.Semester4.ResearchMethodology.LaravelCoding.BookLibraryVibe.tests.Feature.Auth.UpdatePasswordTest" assertions="2" time="0.038778"/>
      <testcase name="it rejects the update when current password is wrong" file="tests\Feature\Auth\UpdatePasswordTest.php::it rejects the update when current password is wrong" class="D\EngineersJourney\MahasiswaCS\Semester4\ResearchMethodology\LaravelCoding\BookLibraryVibe\tests\Feature\Auth\UpdatePasswordTest" classname="D.EngineersJourney.MahasiswaCS.Semester4.ResearchMethodology.LaravelCoding.BookLibraryVibe.tests.Feature.Auth.UpdatePasswordTest" assertions="2" time="0.025510"/>
      <testcase name="it does not change the password when current password verification fails" file="tests\Feature\Auth\UpdatePasswordTest.php::it does not change the password when current password verification fails" class="D\EngineersJourney\MahasiswaCS\Semester4\ResearchMethodology\LaravelCoding\BookLibraryVibe\tests\Feature\Auth\UpdatePasswordTest" classname="D.EngineersJourney.MahasiswaCS.Semester4.ResearchMethodology.LaravelCoding.BookLibraryVibe.tests.Feature.Auth.UpdatePasswordTest" assertions="1" time="0.030762"/>
      <testcase name="it rejects update when current_password field is missing" file="tests\Feature\Auth\UpdatePasswordTest.php::it rejects update when current_password field is missing" class="D\EngineersJourney\MahasiswaCS\Semester4\ResearchMethodology\LaravelCoding\BookLibraryVibe\tests\Feature\Auth\UpdatePasswordTest" classname="D.EngineersJourney.MahasiswaCS.Semester4.ResearchMethodology.LaravelCoding.BookLibraryVibe.tests.Feature.Auth.UpdatePasswordTest" assertions="2" time="0.029254"/>
      <testcase name="it rejects update when new password is too short" file="tests\Feature\Auth\UpdatePasswordTest.php::it rejects update when new password is too short" class="D\EngineersJourney\MahasiswaCS\Semester4\ResearchMethodology\LaravelCoding\BookLibraryVibe\tests\Feature\Auth\UpdatePasswordTest" classname="D.EngineersJourney.MahasiswaCS.Semester4.ResearchMethodology.LaravelCoding.BookLibraryVibe.tests.Feature.Auth.UpdatePasswordTest" assertions="2" time="0.040625"/>
      <testcase name="it rejects update when new password confirmation does not match" file="tests\Feature\Auth\UpdatePasswordTest.php::it rejects update when new password confirmation does not match" class="D\EngineersJourney\MahasiswaCS\Semester4\ResearchMethodology\LaravelCoding\BookLibraryVibe\tests\Feature\Auth\UpdatePasswordTest" classname="D.EngineersJourney.MahasiswaCS.Semester4.ResearchMethodology.LaravelCoding.BookLibraryVibe.tests.Feature.Auth.UpdatePasswordTest" assertions="2" time="0.034608"/>
      <testcase name="it rejects update when new password field is missing" file="tests\Feature\Auth\UpdatePasswordTest.php::it rejects update when new password field is missing" class="D\EngineersJourney\MahasiswaCS\Semester4\ResearchMethodology\LaravelCoding\BookLibraryVibe\tests\Feature\Auth\UpdatePasswordTest" classname="D.EngineersJourney.MahasiswaCS.Semester4.ResearchMethodology.LaravelCoding.BookLibraryVibe.tests.Feature.Auth.UpdatePasswordTest" assertions="2" time="0.026199"/>
      <testcase name="it redirects unauthenticated users away from the password update route" file="tests\Feature\Auth\UpdatePasswordTest.php::it redirects unauthenticated users away from the password update route" class="D\EngineersJourney\MahasiswaCS\Semester4\ResearchMethodology\LaravelCoding\BookLibraryVibe\tests\Feature\Auth\UpdatePasswordTest" classname="D.EngineersJourney.MahasiswaCS.Semester4.ResearchMethodology.LaravelCoding.BookLibraryVibe.tests.Feature.Auth.UpdatePasswordTest" assertions="2" time="0.022257">
        <failure type="PHPUnit\Framework\ExpectationFailedException">it redirects unauthenticated users away from the password update routeFailed asserting that two strings are equal.&#13;
at vendor\laravel\framework\src\Illuminate\Testing\TestResponseAssert.php:45
at vendor\laravel\framework\src\Illuminate\Testing\TestResponse.php:432
at vendor\laravel\framework\src\Illuminate\Testing\TestResponse.php:206
at tests\Feature\Auth\UpdatePasswordTest.php:142</failure>
      </testcase>
    </testsuite>
    <testsuite name="D\EngineersJourney\MahasiswaCS\Semester4\ResearchMethodology\LaravelCoding\BookLibraryVibe\tests\Feature\Authors\AuthorCrudTest" file="tests\Feature\Authors\AuthorCrudTest.php" tests="10" assertions="18" errors="0" failures="0" skipped="0" time="0.399054">
      <testcase name="it shows authors index" file="tests\Feature\Authors\AuthorCrudTest.php::it shows authors index" class="D\EngineersJourney\MahasiswaCS\Semester4\ResearchMethodology\LaravelCoding\BookLibraryVibe\tests\Feature\Authors\AuthorCrudTest" classname="D.EngineersJourney.MahasiswaCS.Semester4.ResearchMethodology.LaravelCoding.BookLibraryVibe.tests.Feature.Authors.AuthorCrudTest" assertions="1" time="0.052245"/>
      <testcase name="it shows author detail" file="tests\Feature\Authors\AuthorCrudTest.php::it shows author detail" class="D\EngineersJourney\MahasiswaCS\Semester4\ResearchMethodology\LaravelCoding\BookLibraryVibe\tests\Feature\Authors\AuthorCrudTest" classname="D.EngineersJourney.MahasiswaCS.Semester4.ResearchMethodology.LaravelCoding.BookLibraryVibe.tests.Feature.Authors.AuthorCrudTest" assertions="2" time="0.031318"/>
      <testcase name="it returns 404 for missing author" file="tests\Feature\Authors\AuthorCrudTest.php::it returns 404 for missing author" class="D\EngineersJourney\MahasiswaCS\Semester4\ResearchMethodology\LaravelCoding\BookLibraryVibe\tests\Feature\Authors\AuthorCrudTest" classname="D.EngineersJourney.MahasiswaCS.Semester4.ResearchMethodology.LaravelCoding.BookLibraryVibe.tests.Feature.Authors.AuthorCrudTest" assertions="1" time="0.040165"/>
      <testcase name="it admin creates author" file="tests\Feature\Authors\AuthorCrudTest.php::it admin creates author" class="D\EngineersJourney\MahasiswaCS\Semester4\ResearchMethodology\LaravelCoding\BookLibraryVibe\tests\Feature\Authors\AuthorCrudTest" classname="D.EngineersJourney.MahasiswaCS.Semester4.ResearchMethodology.LaravelCoding.BookLibraryVibe.tests.Feature.Authors.AuthorCrudTest" assertions="2" time="0.083205"/>
      <testcase name="it validates name required" file="tests\Feature\Authors\AuthorCrudTest.php::it validates name required" class="D\EngineersJourney\MahasiswaCS\Semester4\ResearchMethodology\LaravelCoding\BookLibraryVibe\tests\Feature\Authors\AuthorCrudTest" classname="D.EngineersJourney.MahasiswaCS.Semester4.ResearchMethodology.LaravelCoding.BookLibraryVibe.tests.Feature.Authors.AuthorCrudTest" assertions="2" time="0.050604"/>
      <testcase name="it member forbidden from create" file="tests\Feature\Authors\AuthorCrudTest.php::it member forbidden from create" class="D\EngineersJourney\MahasiswaCS\Semester4\ResearchMethodology\LaravelCoding\BookLibraryVibe\tests\Feature\Authors\AuthorCrudTest" classname="D.EngineersJourney.MahasiswaCS.Semester4.ResearchMethodology.LaravelCoding.BookLibraryVibe.tests.Feature.Authors.AuthorCrudTest" assertions="1" time="0.034693"/>
      <testcase name="it librarian updates author" file="tests\Feature\Authors\AuthorCrudTest.php::it librarian updates author" class="D\EngineersJourney\MahasiswaCS\Semester4\ResearchMethodology\LaravelCoding\BookLibraryVibe\tests\Feature\Authors\AuthorCrudTest" classname="D.EngineersJourney.MahasiswaCS.Semester4.ResearchMethodology.LaravelCoding.BookLibraryVibe.tests.Feature.Authors.AuthorCrudTest" assertions="2" time="0.025739"/>
      <testcase name="it admin deletes author without books" file="tests\Feature\Authors\AuthorCrudTest.php::it admin deletes author without books" class="D\EngineersJourney\MahasiswaCS\Semester4\ResearchMethodology\LaravelCoding\BookLibraryVibe\tests\Feature\Authors\AuthorCrudTest" classname="D.EngineersJourney.MahasiswaCS.Semester4.ResearchMethodology.LaravelCoding.BookLibraryVibe.tests.Feature.Authors.AuthorCrudTest" assertions="3" time="0.024260"/>
      <testcase name="it cannot delete author with books" file="tests\Feature\Authors\AuthorCrudTest.php::it cannot delete author with books" class="D\EngineersJourney\MahasiswaCS\Semester4\ResearchMethodology\LaravelCoding\BookLibraryVibe\tests\Feature\Authors\AuthorCrudTest" classname="D.EngineersJourney.MahasiswaCS.Semester4.ResearchMethodology.LaravelCoding.BookLibraryVibe.tests.Feature.Authors.AuthorCrudTest" assertions="2" time="0.024112"/>
      <testcase name="it shows books for author" file="tests\Feature\Authors\AuthorCrudTest.php::it shows books for author" class="D\EngineersJourney\MahasiswaCS\Semester4\ResearchMethodology\LaravelCoding\BookLibraryVibe\tests\Feature\Authors\AuthorCrudTest" classname="D.EngineersJourney.MahasiswaCS.Semester4.ResearchMethodology.LaravelCoding.BookLibraryVibe.tests.Feature.Authors.AuthorCrudTest" assertions="2" time="0.032714"/>
    </testsuite>
    <testsuite name="D\EngineersJourney\MahasiswaCS\Semester4\ResearchMethodology\LaravelCoding\BookLibraryVibe\tests\Feature\Books\BookCrudTest" file="tests\Feature\Books\BookCrudTest.php" tests="20" assertions="30" errors="0" failures="1" skipped="0" time="0.699482">
      <testcase name="it shows books index" file="tests\Feature\Books\BookCrudTest.php::it shows books index" class="D\EngineersJourney\MahasiswaCS\Semester4\ResearchMethodology\LaravelCoding\BookLibraryVibe\tests\Feature\Books\BookCrudTest" classname="D.EngineersJourney.MahasiswaCS.Semester4.ResearchMethodology.LaravelCoding.BookLibraryVibe.tests.Feature.Books.BookCrudTest" assertions="1" time="0.048626"/>
      <testcase name="it displays books on index" file="tests\Feature\Books\BookCrudTest.php::it displays books on index" class="D\EngineersJourney\MahasiswaCS\Semester4\ResearchMethodology\LaravelCoding\BookLibraryVibe\tests\Feature\Books\BookCrudTest" classname="D.EngineersJourney.MahasiswaCS.Semester4.ResearchMethodology.LaravelCoding.BookLibraryVibe.tests.Feature.Books.BookCrudTest" assertions="1" time="0.032335"/>
      <testcase name="it shows book detail" file="tests\Feature\Books\BookCrudTest.php::it shows book detail" class="D\EngineersJourney\MahasiswaCS\Semester4\ResearchMethodology\LaravelCoding\BookLibraryVibe\tests\Feature\Books\BookCrudTest" classname="D.EngineersJourney.MahasiswaCS.Semester4.ResearchMethodology.LaravelCoding.BookLibraryVibe.tests.Feature.Books.BookCrudTest" assertions="2" time="0.037848"/>
      <testcase name="it returns 404 for missing book" file="tests\Feature\Books\BookCrudTest.php::it returns 404 for missing book" class="D\EngineersJourney\MahasiswaCS\Semester4\ResearchMethodology\LaravelCoding\BookLibraryVibe\tests\Feature\Books\BookCrudTest" classname="D.EngineersJourney.MahasiswaCS.Semester4.ResearchMethodology.LaravelCoding.BookLibraryVibe.tests.Feature.Books.BookCrudTest" assertions="1" time="0.090514"/>
      <testcase name="it guest redirected from create" file="tests\Feature\Books\BookCrudTest.php::it guest redirected from create" class="D\EngineersJourney\MahasiswaCS\Semester4\ResearchMethodology\LaravelCoding\BookLibraryVibe\tests\Feature\Books\BookCrudTest" classname="D.EngineersJourney.MahasiswaCS.Semester4.ResearchMethodology.LaravelCoding.BookLibraryVibe.tests.Feature.Books.BookCrudTest" assertions="2" time="0.034125">
        <failure type="PHPUnit\Framework\ExpectationFailedException">it guest redirected from createFailed asserting that two strings are equal.&#13;
at vendor\laravel\framework\src\Illuminate\Testing\TestResponseAssert.php:45
at vendor\laravel\framework\src\Illuminate\Testing\TestResponse.php:432
at vendor\laravel\framework\src\Illuminate\Testing\TestResponse.php:206
at tests\Feature\Books\BookCrudTest.php:48</failure>
      </testcase>
      <testcase name="it admin sees create form" file="tests\Feature\Books\BookCrudTest.php::it admin sees create form" class="D\EngineersJourney\MahasiswaCS\Semester4\ResearchMethodology\LaravelCoding\BookLibraryVibe\tests\Feature\Books\BookCrudTest" classname="D.EngineersJourney.MahasiswaCS.Semester4.ResearchMethodology.LaravelCoding.BookLibraryVibe.tests.Feature.Books.BookCrudTest" assertions="1" time="0.037760"/>
      <testcase name="it member forbidden from create form" file="tests\Feature\Books\BookCrudTest.php::it member forbidden from create form" class="D\EngineersJourney\MahasiswaCS\Semester4\ResearchMethodology\LaravelCoding\BookLibraryVibe\tests\Feature\Books\BookCrudTest" classname="D.EngineersJourney.MahasiswaCS.Semester4.ResearchMethodology.LaravelCoding.BookLibraryVibe.tests.Feature.Books.BookCrudTest" assertions="1" time="0.028025"/>
      <testcase name="it admin creates book" file="tests\Feature\Books\BookCrudTest.php::it admin creates book" class="D\EngineersJourney\MahasiswaCS\Semester4\ResearchMethodology\LaravelCoding\BookLibraryVibe\tests\Feature\Books\BookCrudTest" classname="D.EngineersJourney.MahasiswaCS.Semester4.ResearchMethodology.LaravelCoding.BookLibraryVibe.tests.Feature.Books.BookCrudTest" assertions="2" time="0.032578"/>
      <testcase name="it librarian creates book" file="tests\Feature\Books\BookCrudTest.php::it librarian creates book" class="D\EngineersJourney\MahasiswaCS\Semester4\ResearchMethodology\LaravelCoding\BookLibraryVibe\tests\Feature\Books\BookCrudTest" classname="D.EngineersJourney.MahasiswaCS.Semester4.ResearchMethodology.LaravelCoding.BookLibraryVibe.tests.Feature.Books.BookCrudTest" assertions="2" time="0.029250"/>
      <testcase name="it member forbidden from store" file="tests\Feature\Books\BookCrudTest.php::it member forbidden from store" class="D\EngineersJourney\MahasiswaCS\Semester4\ResearchMethodology\LaravelCoding\BookLibraryVibe\tests\Feature\Books\BookCrudTest" classname="D.EngineersJourney.MahasiswaCS.Semester4.ResearchMethodology.LaravelCoding.BookLibraryVibe.tests.Feature.Books.BookCrudTest" assertions="1" time="0.026517"/>
      <testcase name="it validates required title" file="tests\Feature\Books\BookCrudTest.php::it validates required title" class="D\EngineersJourney\MahasiswaCS\Semester4\ResearchMethodology\LaravelCoding\BookLibraryVibe\tests\Feature\Books\BookCrudTest" classname="D.EngineersJourney.MahasiswaCS.Semester4.ResearchMethodology.LaravelCoding.BookLibraryVibe.tests.Feature.Books.BookCrudTest" assertions="2" time="0.032768"/>
      <testcase name="it validates ISBN unique" file="tests\Feature\Books\BookCrudTest.php::it validates ISBN unique" class="D\EngineersJourney\MahasiswaCS\Semester4\ResearchMethodology\LaravelCoding\BookLibraryVibe\tests\Feature\Books\BookCrudTest" classname="D.EngineersJourney.MahasiswaCS.Semester4.ResearchMethodology.LaravelCoding.BookLibraryVibe.tests.Feature.Books.BookCrudTest" assertions="2" time="0.025743"/>
      <testcase name="it validates author exists" file="tests\Feature\Books\BookCrudTest.php::it validates author exists" class="D\EngineersJourney\MahasiswaCS\Semester4\ResearchMethodology\LaravelCoding\BookLibraryVibe\tests\Feature\Books\BookCrudTest" classname="D.EngineersJourney.MahasiswaCS.Semester4.ResearchMethodology.LaravelCoding.BookLibraryVibe.tests.Feature.Books.BookCrudTest" assertions="2" time="0.021778"/>
      <testcase name="it admin updates book" file="tests\Feature\Books\BookCrudTest.php::it admin updates book" class="D\EngineersJourney\MahasiswaCS\Semester4\ResearchMethodology\LaravelCoding\BookLibraryVibe\tests\Feature\Books\BookCrudTest" classname="D.EngineersJourney.MahasiswaCS.Semester4.ResearchMethodology.LaravelCoding.BookLibraryVibe.tests.Feature.Books.BookCrudTest" assertions="2" time="0.032460"/>
      <testcase name="it member forbidden from update" file="tests\Feature\Books\BookCrudTest.php::it member forbidden from update" class="D\EngineersJourney\MahasiswaCS\Semester4\ResearchMethodology\LaravelCoding\BookLibraryVibe\tests\Feature\Books\BookCrudTest" classname="D.EngineersJourney.MahasiswaCS.Semester4.ResearchMethodology.LaravelCoding.BookLibraryVibe.tests.Feature.Books.BookCrudTest" assertions="1" time="0.027222"/>
      <testcase name="it admin deletes book" file="tests\Feature\Books\BookCrudTest.php::it admin deletes book" class="D\EngineersJourney\MahasiswaCS\Semester4\ResearchMethodology\LaravelCoding\BookLibraryVibe\tests\Feature\Books\BookCrudTest" classname="D.EngineersJourney.MahasiswaCS.Semester4.ResearchMethodology.LaravelCoding.BookLibraryVibe.tests.Feature.Books.BookCrudTest" assertions="3" time="0.029852"/>
      <testcase name="it member forbidden from delete" file="tests\Feature\Books\BookCrudTest.php::it member forbidden from delete" class="D\EngineersJourney\MahasiswaCS\Semester4\ResearchMethodology\LaravelCoding\BookLibraryVibe\tests\Feature\Books\BookCrudTest" classname="D.EngineersJourney.MahasiswaCS.Semester4.ResearchMethodology.LaravelCoding.BookLibraryVibe.tests.Feature.Books.BookCrudTest" assertions="1" time="0.036568"/>
      <testcase name="it searches by title" file="tests\Feature\Books\BookCrudTest.php::it searches by title" class="D\EngineersJourney\MahasiswaCS\Semester4\ResearchMethodology\LaravelCoding\BookLibraryVibe\tests\Feature\Books\BookCrudTest" classname="D.EngineersJourney.MahasiswaCS.Semester4.ResearchMethodology.LaravelCoding.BookLibraryVibe.tests.Feature.Books.BookCrudTest" assertions="1" time="0.033440"/>
      <testcase name="it filters by category" file="tests\Feature\Books\BookCrudTest.php::it filters by category" class="D\EngineersJourney\MahasiswaCS\Semester4\ResearchMethodology\LaravelCoding\BookLibraryVibe\tests\Feature\Books\BookCrudTest" classname="D.EngineersJourney.MahasiswaCS.Semester4.ResearchMethodology.LaravelCoding.BookLibraryVibe.tests.Feature.Books.BookCrudTest" assertions="1" time="0.030726"/>
      <testcase name="it sorts by publication year" file="tests\Feature\Books\BookCrudTest.php::it sorts by publication year" class="D\EngineersJourney\MahasiswaCS\Semester4\ResearchMethodology\LaravelCoding\BookLibraryVibe\tests\Feature\Books\BookCrudTest" classname="D.EngineersJourney.MahasiswaCS.Semester4.ResearchMethodology.LaravelCoding.BookLibraryVibe.tests.Feature.Books.BookCrudTest" assertions="1" time="0.031349"/>
    </testsuite>
    <testsuite name="D\EngineersJourney\MahasiswaCS\Semester4\ResearchMethodology\LaravelCoding\BookLibraryVibe\tests\Feature\Categories\CategoryCrudTest" file="tests\Feature\Categories\CategoryCrudTest.php" tests="9" assertions="16" errors="0" failures="0" skipped="0" time="0.285589">
      <testcase name="it shows categories index" file="tests\Feature\Categories\CategoryCrudTest.php::it shows categories index" class="D\EngineersJourney\MahasiswaCS\Semester4\ResearchMethodology\LaravelCoding\BookLibraryVibe\tests\Feature\Categories\CategoryCrudTest" classname="D.EngineersJourney.MahasiswaCS.Semester4.ResearchMethodology.LaravelCoding.BookLibraryVibe.tests.Feature.Categories.CategoryCrudTest" assertions="1" time="0.047931"/>
      <testcase name="it shows category detail" file="tests\Feature\Categories\CategoryCrudTest.php::it shows category detail" class="D\EngineersJourney\MahasiswaCS\Semester4\ResearchMethodology\LaravelCoding\BookLibraryVibe\tests\Feature\Categories\CategoryCrudTest" classname="D.EngineersJourney.MahasiswaCS.Semester4.ResearchMethodology.LaravelCoding.BookLibraryVibe.tests.Feature.Categories.CategoryCrudTest" assertions="2" time="0.058273"/>
      <testcase name="it returns 404 for missing category" file="tests\Feature\Categories\CategoryCrudTest.php::it returns 404 for missing category" class="D\EngineersJourney\MahasiswaCS\Semester4\ResearchMethodology\LaravelCoding\BookLibraryVibe\tests\Feature\Categories\CategoryCrudTest" classname="D.EngineersJourney.MahasiswaCS.Semester4.ResearchMethodology.LaravelCoding.BookLibraryVibe.tests.Feature.Categories.CategoryCrudTest" assertions="1" time="0.038758"/>
      <testcase name="it admin creates category" file="tests\Feature\Categories\CategoryCrudTest.php::it admin creates category" class="D\EngineersJourney\MahasiswaCS\Semester4\ResearchMethodology\LaravelCoding\BookLibraryVibe\tests\Feature\Categories\CategoryCrudTest" classname="D.EngineersJourney.MahasiswaCS.Semester4.ResearchMethodology.LaravelCoding.BookLibraryVibe.tests.Feature.Categories.CategoryCrudTest" assertions="2" time="0.022544"/>
      <testcase name="it validates name unique" file="tests\Feature\Categories\CategoryCrudTest.php::it validates name unique" class="D\EngineersJourney\MahasiswaCS\Semester4\ResearchMethodology\LaravelCoding\BookLibraryVibe\tests\Feature\Categories\CategoryCrudTest" classname="D.EngineersJourney.MahasiswaCS.Semester4.ResearchMethodology.LaravelCoding.BookLibraryVibe.tests.Feature.Categories.CategoryCrudTest" assertions="2" time="0.021345"/>
      <testcase name="it member forbidden from create" file="tests\Feature\Categories\CategoryCrudTest.php::it member forbidden from create" class="D\EngineersJourney\MahasiswaCS\Semester4\ResearchMethodology\LaravelCoding\BookLibraryVibe\tests\Feature\Categories\CategoryCrudTest" classname="D.EngineersJourney.MahasiswaCS.Semester4.ResearchMethodology.LaravelCoding.BookLibraryVibe.tests.Feature.Categories.CategoryCrudTest" assertions="1" time="0.020518"/>
      <testcase name="it admin updates category" file="tests\Feature\Categories\CategoryCrudTest.php::it admin updates category" class="D\EngineersJourney\MahasiswaCS\Semester4\ResearchMethodology\LaravelCoding\BookLibraryVibe\tests\Feature\Categories\CategoryCrudTest" classname="D.EngineersJourney.MahasiswaCS.Semester4.ResearchMethodology.LaravelCoding.BookLibraryVibe.tests.Feature.Categories.CategoryCrudTest" assertions="2" time="0.024275"/>
      <testcase name="it admin deletes category" file="tests\Feature\Categories\CategoryCrudTest.php::it admin deletes category" class="D\EngineersJourney\MahasiswaCS\Semester4\ResearchMethodology\LaravelCoding\BookLibraryVibe\tests\Feature\Categories\CategoryCrudTest" classname="D.EngineersJourney.MahasiswaCS.Semester4.ResearchMethodology.LaravelCoding.BookLibraryVibe.tests.Feature.Categories.CategoryCrudTest" assertions="3" time="0.024674"/>
      <testcase name="it shows books in category" file="tests\Feature\Categories\CategoryCrudTest.php::it shows books in category" class="D\EngineersJourney\MahasiswaCS\Semester4\ResearchMethodology\LaravelCoding\BookLibraryVibe\tests\Feature\Categories\CategoryCrudTest" classname="D.EngineersJourney.MahasiswaCS.Semester4.ResearchMethodology.LaravelCoding.BookLibraryVibe.tests.Feature.Categories.CategoryCrudTest" assertions="2" time="0.027272"/>
    </testsuite>
    <testsuite name="D\EngineersJourney\MahasiswaCS\Semester4\ResearchMethodology\LaravelCoding\BookLibraryVibe\tests\Feature\Inventory\BookCopyManagementTest" file="tests\Feature\Inventory\BookCopyManagementTest.php" tests="18" assertions="47" errors="0" failures="1" skipped="0" time="0.739221">
      <testcase name="admin can view book copies" file="tests\Feature\Inventory\BookCopyManagementTest.php::admin can view book copies" class="D\EngineersJourney\MahasiswaCS\Semester4\ResearchMethodology\LaravelCoding\BookLibraryVibe\tests\Feature\Inventory\BookCopyManagementTest" classname="D.EngineersJourney.MahasiswaCS.Semester4.ResearchMethodology.LaravelCoding.BookLibraryVibe.tests.Feature.Inventory.BookCopyManagementTest" assertions="3" time="0.047611"/>
      <testcase name="member can view book copies" file="tests\Feature\Inventory\BookCopyManagementTest.php::member can view book copies" class="D\EngineersJourney\MahasiswaCS\Semester4\ResearchMethodology\LaravelCoding\BookLibraryVibe\tests\Feature\Inventory\BookCopyManagementTest" classname="D.EngineersJourney.MahasiswaCS.Semester4.ResearchMethodology.LaravelCoding.BookLibraryVibe.tests.Feature.Inventory.BookCopyManagementTest" assertions="2" time="0.031027"/>
      <testcase name="guest cannot view book copies" file="tests\Feature\Inventory\BookCopyManagementTest.php::guest cannot view book copies" class="D\EngineersJourney\MahasiswaCS\Semester4\ResearchMethodology\LaravelCoding\BookLibraryVibe\tests\Feature\Inventory\BookCopyManagementTest" classname="D.EngineersJourney.MahasiswaCS.Semester4.ResearchMethodology.LaravelCoding.BookLibraryVibe.tests.Feature.Inventory.BookCopyManagementTest" assertions="2" time="0.021208">
        <failure type="PHPUnit\Framework\ExpectationFailedException">guest cannot view book copiesFailed asserting that two strings are equal.&#13;
at vendor\laravel\framework\src\Illuminate\Testing\TestResponseAssert.php:45
at vendor\laravel\framework\src\Illuminate\Testing\TestResponse.php:432
at vendor\laravel\framework\src\Illuminate\Testing\TestResponse.php:206
at tests\Feature\Inventory\BookCopyManagementTest.php:64</failure>
      </testcase>
      <testcase name="admin can create a book copy" file="tests\Feature\Inventory\BookCopyManagementTest.php::admin can create a book copy" class="D\EngineersJourney\MahasiswaCS\Semester4\ResearchMethodology\LaravelCoding\BookLibraryVibe\tests\Feature\Inventory\BookCopyManagementTest" classname="D.EngineersJourney.MahasiswaCS.Semester4.ResearchMethodology.LaravelCoding.BookLibraryVibe.tests.Feature.Inventory.BookCopyManagementTest" assertions="4" time="0.028250"/>
      <testcase name="librarian can create a book copy" file="tests\Feature\Inventory\BookCopyManagementTest.php::librarian can create a book copy" class="D\EngineersJourney\MahasiswaCS\Semester4\ResearchMethodology\LaravelCoding\BookLibraryVibe\tests\Feature\Inventory\BookCopyManagementTest" classname="D.EngineersJourney.MahasiswaCS.Semester4.ResearchMethodology.LaravelCoding.BookLibraryVibe.tests.Feature.Inventory.BookCopyManagementTest" assertions="3" time="0.039219"/>
      <testcase name="member cannot create a book copy" file="tests\Feature\Inventory\BookCopyManagementTest.php::member cannot create a book copy" class="D\EngineersJourney\MahasiswaCS\Semester4\ResearchMethodology\LaravelCoding\BookLibraryVibe\tests\Feature\Inventory\BookCopyManagementTest" classname="D.EngineersJourney.MahasiswaCS.Semester4.ResearchMethodology.LaravelCoding.BookLibraryVibe.tests.Feature.Inventory.BookCopyManagementTest" assertions="1" time="0.126096"/>
      <testcase name="create copy with invalid status returns validation error" file="tests\Feature\Inventory\BookCopyManagementTest.php::create copy with invalid status returns validation error" class="D\EngineersJourney\MahasiswaCS\Semester4\ResearchMethodology\LaravelCoding\BookLibraryVibe\tests\Feature\Inventory\BookCopyManagementTest" classname="D.EngineersJourney.MahasiswaCS.Semester4.ResearchMethodology.LaravelCoding.BookLibraryVibe.tests.Feature.Inventory.BookCopyManagementTest" assertions="2" time="0.066738"/>
      <testcase name="create copy defaults to AVAILABLE when no status provided" file="tests\Feature\Inventory\BookCopyManagementTest.php::create copy defaults to AVAILABLE when no status provided" class="D\EngineersJourney\MahasiswaCS\Semester4\ResearchMethodology\LaravelCoding\BookLibraryVibe\tests\Feature\Inventory\BookCopyManagementTest" classname="D.EngineersJourney.MahasiswaCS.Semester4.ResearchMethodology.LaravelCoding.BookLibraryVibe.tests.Feature.Inventory.BookCopyManagementTest" assertions="3" time="0.078367"/>
      <testcase name="cannot create copy for non-existent book" file="tests\Feature\Inventory\BookCopyManagementTest.php::cannot create copy for non-existent book" class="D\EngineersJourney\MahasiswaCS\Semester4\ResearchMethodology\LaravelCoding\BookLibraryVibe\tests\Feature\Inventory\BookCopyManagementTest" classname="D.EngineersJourney.MahasiswaCS.Semester4.ResearchMethodology.LaravelCoding.BookLibraryVibe.tests.Feature.Inventory.BookCopyManagementTest" assertions="1" time="0.037275"/>
      <testcase name="admin can update book copy status" file="tests\Feature\Inventory\BookCopyManagementTest.php::admin can update book copy status" class="D\EngineersJourney\MahasiswaCS\Semester4\ResearchMethodology\LaravelCoding\BookLibraryVibe\tests\Feature\Inventory\BookCopyManagementTest" classname="D.EngineersJourney.MahasiswaCS.Semester4.ResearchMethodology.LaravelCoding.BookLibraryVibe.tests.Feature.Inventory.BookCopyManagementTest" assertions="4" time="0.057900"/>
      <testcase name="member cannot update book copy status" file="tests\Feature\Inventory\BookCopyManagementTest.php::member cannot update book copy status" class="D\EngineersJourney\MahasiswaCS\Semester4\ResearchMethodology\LaravelCoding\BookLibraryVibe\tests\Feature\Inventory\BookCopyManagementTest" classname="D.EngineersJourney.MahasiswaCS.Semester4.ResearchMethodology.LaravelCoding.BookLibraryVibe.tests.Feature.Inventory.BookCopyManagementTest" assertions="1" time="0.023231"/>
      <testcase name="update copy with missing status returns validation error" file="tests\Feature\Inventory\BookCopyManagementTest.php::update copy with missing status returns validation error" class="D\EngineersJourney\MahasiswaCS\Semester4\ResearchMethodology\LaravelCoding\BookLibraryVibe\tests\Feature\Inventory\BookCopyManagementTest" classname="D.EngineersJourney.MahasiswaCS.Semester4.ResearchMethodology.LaravelCoding.BookLibraryVibe.tests.Feature.Inventory.BookCopyManagementTest" assertions="2" time="0.026246"/>
      <testcase name="cannot update status of lost copy" file="tests\Feature\Inventory\BookCopyManagementTest.php::cannot update status of lost copy" class="D\EngineersJourney\MahasiswaCS\Semester4\ResearchMethodology\LaravelCoding\BookLibraryVibe\tests\Feature\Inventory\BookCopyManagementTest" classname="D.EngineersJourney.MahasiswaCS.Semester4.ResearchMethodology.LaravelCoding.BookLibraryVibe.tests.Feature.Inventory.BookCopyManagementTest" assertions="4" time="0.026506"/>
      <testcase name="admin can delete a book copy" file="tests\Feature\Inventory\BookCopyManagementTest.php::admin can delete a book copy" class="D\EngineersJourney\MahasiswaCS\Semester4\ResearchMethodology\LaravelCoding\BookLibraryVibe\tests\Feature\Inventory\BookCopyManagementTest" classname="D.EngineersJourney.MahasiswaCS.Semester4.ResearchMethodology.LaravelCoding.BookLibraryVibe.tests.Feature.Inventory.BookCopyManagementTest" assertions="4" time="0.027040"/>
      <testcase name="member cannot delete a book copy" file="tests\Feature\Inventory\BookCopyManagementTest.php::member cannot delete a book copy" class="D\EngineersJourney\MahasiswaCS\Semester4\ResearchMethodology\LaravelCoding\BookLibraryVibe\tests\Feature\Inventory\BookCopyManagementTest" classname="D.EngineersJourney.MahasiswaCS.Semester4.ResearchMethodology.LaravelCoding.BookLibraryVibe.tests.Feature.Inventory.BookCopyManagementTest" assertions="2" time="0.023520"/>
      <testcase name="delete non-existent copy returns 404" file="tests\Feature\Inventory\BookCopyManagementTest.php::delete non-existent copy returns 404" class="D\EngineersJourney\MahasiswaCS\Semester4\ResearchMethodology\LaravelCoding\BookLibraryVibe\tests\Feature\Inventory\BookCopyManagementTest" classname="D.EngineersJourney.MahasiswaCS.Semester4.ResearchMethodology.LaravelCoding.BookLibraryVibe.tests.Feature.Inventory.BookCopyManagementTest" assertions="1" time="0.026217"/>
      <testcase name="availability page is accessible to members" file="tests\Feature\Inventory\BookCopyManagementTest.php::availability page is accessible to members" class="D\EngineersJourney\MahasiswaCS\Semester4\ResearchMethodology\LaravelCoding\BookLibraryVibe\tests\Feature\Inventory\BookCopyManagementTest" classname="D.EngineersJourney.MahasiswaCS.Semester4.ResearchMethodology.LaravelCoding.BookLibraryVibe.tests.Feature.Inventory.BookCopyManagementTest" assertions="3" time="0.024942"/>
      <testcase name="availability reflects current inventory state" file="tests\Feature\Inventory\BookCopyManagementTest.php::availability reflects current inventory state" class="D\EngineersJourney\MahasiswaCS\Semester4\ResearchMethodology\LaravelCoding\BookLibraryVibe\tests\Feature\Inventory\BookCopyManagementTest" classname="D.EngineersJourney.MahasiswaCS.Semester4.ResearchMethodology.LaravelCoding.BookLibraryVibe.tests.Feature.Inventory.BookCopyManagementTest" assertions="5" time="0.027828"/>
    </testsuite>
    <testsuite name="D\EngineersJourney\MahasiswaCS\Semester4\ResearchMethodology\LaravelCoding\BookLibraryVibe\tests\Feature\Reservations\BookReservationsTest" file="tests\Feature\Reservations\BookReservationsTest.php" tests="3" assertions="7" errors="0" failures="0" skipped="0" time="0.160992">
      <testcase name="it lists the reservation queue for a book ordered by queue position" file="tests\Feature\Reservations\BookReservationsTest.php::it lists the reservation queue for a book ordered by queue position" class="D\EngineersJourney\MahasiswaCS\Semester4\ResearchMethodology\LaravelCoding\BookLibraryVibe\tests\Feature\Reservations\BookReservationsTest" classname="D.EngineersJourney.MahasiswaCS.Semester4.ResearchMethodology.LaravelCoding.BookLibraryVibe.tests.Feature.Reservations.BookReservationsTest" assertions="4" time="0.098566"/>
      <testcase name="it hides other members identities from a non-staff viewer of the book queue" file="tests\Feature\Reservations\BookReservationsTest.php::it hides other members identities from a non-staff viewer of the book queue" class="D\EngineersJourney\MahasiswaCS\Semester4\ResearchMethodology\LaravelCoding\BookLibraryVibe\tests\Feature\Reservations\BookReservationsTest" classname="D.EngineersJourney.MahasiswaCS.Semester4.ResearchMethodology.LaravelCoding.BookLibraryVibe.tests.Feature.Reservations.BookReservationsTest" assertions="2" time="0.039408"/>
      <testcase name="it returns 404 when requesting reservations for a non-existent book" file="tests\Feature\Reservations\BookReservationsTest.php::it returns 404 when requesting reservations for a non-existent book" class="D\EngineersJourney\MahasiswaCS\Semester4\ResearchMethodology\LaravelCoding\BookLibraryVibe\tests\Feature\Reservations\BookReservationsTest" classname="D.EngineersJourney.MahasiswaCS.Semester4.ResearchMethodology.LaravelCoding.BookLibraryVibe.tests.Feature.Reservations.BookReservationsTest" assertions="1" time="0.023018"/>
    </testsuite>
    <testsuite name="D\EngineersJourney\MahasiswaCS\Semester4\ResearchMethodology\LaravelCoding\BookLibraryVibe\tests\Feature\Reservations\CancelReservationTest" file="tests\Feature\Reservations\CancelReservationTest.php" tests="7" assertions="12" errors="0" failures="0" skipped="0" time="0.208937">
      <testcase name="it allows a user to cancel their own pending reservation" file="tests\Feature\Reservations\CancelReservationTest.php::it allows a user to cancel their own pending reservation" class="D\EngineersJourney\MahasiswaCS\Semester4\ResearchMethodology\LaravelCoding\BookLibraryVibe\tests\Feature\Reservations\CancelReservationTest" classname="D.EngineersJourney.MahasiswaCS.Semester4.ResearchMethodology.LaravelCoding.BookLibraryVibe.tests.Feature.Reservations.CancelReservationTest" assertions="3" time="0.035034"/>
      <testcase name="it recalculates queue positions of the remaining queue after a cancellation" file="tests\Feature\Reservations\CancelReservationTest.php::it recalculates queue positions of the remaining queue after a cancellation" class="D\EngineersJourney\MahasiswaCS\Semester4\ResearchMethodology\LaravelCoding\BookLibraryVibe\tests\Feature\Reservations\CancelReservationTest" classname="D.EngineersJourney.MahasiswaCS.Semester4.ResearchMethodology.LaravelCoding.BookLibraryVibe.tests.Feature.Reservations.CancelReservationTest" assertions="3" time="0.028679"/>
      <testcase name="it prevents a user from cancelling another users reservation" file="tests\Feature\Reservations\CancelReservationTest.php::it prevents a user from cancelling another users reservation" class="D\EngineersJourney\MahasiswaCS\Semester4\ResearchMethodology\LaravelCoding\BookLibraryVibe\tests\Feature\Reservations\CancelReservationTest" classname="D.EngineersJourney.MahasiswaCS.Semester4.ResearchMethodology.LaravelCoding.BookLibraryVibe.tests.Feature.Reservations.CancelReservationTest" assertions="2" time="0.024679"/>
      <testcase name="it rejects cancelling an already cancelled reservation" file="tests\Feature\Reservations\CancelReservationTest.php::it rejects cancelling an already cancelled reservation" class="D\EngineersJourney\MahasiswaCS\Semester4\ResearchMethodology\LaravelCoding\BookLibraryVibe\tests\Feature\Reservations\CancelReservationTest" classname="D.EngineersJourney.MahasiswaCS.Semester4.ResearchMethodology.LaravelCoding.BookLibraryVibe.tests.Feature.Reservations.CancelReservationTest" assertions="1" time="0.028218"/>
      <testcase name="it rejects cancelling an already fulfilled reservation" file="tests\Feature\Reservations\CancelReservationTest.php::it rejects cancelling an already fulfilled reservation" class="D\EngineersJourney\MahasiswaCS\Semester4\ResearchMethodology\LaravelCoding\BookLibraryVibe\tests\Feature\Reservations\CancelReservationTest" classname="D.EngineersJourney.MahasiswaCS.Semester4.ResearchMethodology.LaravelCoding.BookLibraryVibe.tests.Feature.Reservations.CancelReservationTest" assertions="1" time="0.029634"/>
      <testcase name="it returns 404 when cancelling a non-existent reservation" file="tests\Feature\Reservations\CancelReservationTest.php::it returns 404 when cancelling a non-existent reservation" class="D\EngineersJourney\MahasiswaCS\Semester4\ResearchMethodology\LaravelCoding\BookLibraryVibe\tests\Feature\Reservations\CancelReservationTest" classname="D.EngineersJourney.MahasiswaCS.Semester4.ResearchMethodology.LaravelCoding.BookLibraryVibe.tests.Feature.Reservations.CancelReservationTest" assertions="1" time="0.030153"/>
      <testcase name="it allows an admin to cancel any users reservation" file="tests\Feature\Reservations\CancelReservationTest.php::it allows an admin to cancel any users reservation" class="D\EngineersJourney\MahasiswaCS\Semester4\ResearchMethodology\LaravelCoding\BookLibraryVibe\tests\Feature\Reservations\CancelReservationTest" classname="D.EngineersJourney.MahasiswaCS.Semester4.ResearchMethodology.LaravelCoding.BookLibraryVibe.tests.Feature.Reservations.CancelReservationTest" assertions="1" time="0.032541"/>
    </testsuite>
    <testsuite name="D\EngineersJourney\MahasiswaCS\Semester4\ResearchMethodology\LaravelCoding\BookLibraryVibe\tests\Feature\Reservations\CreateReservationTest" file="tests\Feature\Reservations\CreateReservationTest.php" tests="6" assertions="14" errors="0" failures="0" skipped="0" time="0.263949">
      <testcase name="it allows an authenticated member to reserve a book with no available copies" file="tests\Feature\Reservations\CreateReservationTest.php::it allows an authenticated member to reserve a book with no available copies" class="D\EngineersJourney\MahasiswaCS\Semester4\ResearchMethodology\LaravelCoding\BookLibraryVibe\tests\Feature\Reservations\CreateReservationTest" classname="D.EngineersJourney.MahasiswaCS.Semester4.ResearchMethodology.LaravelCoding.BookLibraryVibe.tests.Feature.Reservations.CreateReservationTest" assertions="4" time="0.051115"/>
      <testcase name="it rejects reservation when an available copy exists" file="tests\Feature\Reservations\CreateReservationTest.php::it rejects reservation when an available copy exists" class="D\EngineersJourney\MahasiswaCS\Semester4\ResearchMethodology\LaravelCoding\BookLibraryVibe\tests\Feature\Reservations\CreateReservationTest" classname="D.EngineersJourney.MahasiswaCS.Semester4.ResearchMethodology.LaravelCoding.BookLibraryVibe.tests.Feature.Reservations.CreateReservationTest" assertions="2" time="0.030611"/>
      <testcase name="it rejects duplicate active reservations for the same user and book" file="tests\Feature\Reservations\CreateReservationTest.php::it rejects duplicate active reservations for the same user and book" class="D\EngineersJourney\MahasiswaCS\Semester4\ResearchMethodology\LaravelCoding\BookLibraryVibe\tests\Feature\Reservations\CreateReservationTest" classname="D.EngineersJourney.MahasiswaCS.Semester4.ResearchMethodology.LaravelCoding.BookLibraryVibe.tests.Feature.Reservations.CreateReservationTest" assertions="2" time="0.066862"/>
      <testcase name="it rejects reservation for a non-existent book with a validation error" file="tests\Feature\Reservations\CreateReservationTest.php::it rejects reservation for a non-existent book with a validation error" class="D\EngineersJourney\MahasiswaCS\Semester4\ResearchMethodology\LaravelCoding\BookLibraryVibe\tests\Feature\Reservations\CreateReservationTest" classname="D.EngineersJourney.MahasiswaCS.Semester4.ResearchMethodology.LaravelCoding.BookLibraryVibe.tests.Feature.Reservations.CreateReservationTest" assertions="3" time="0.052268"/>
      <testcase name="it rejects unauthenticated reservation attempts" file="tests\Feature\Reservations\CreateReservationTest.php::it rejects unauthenticated reservation attempts" class="D\EngineersJourney\MahasiswaCS\Semester4\ResearchMethodology\LaravelCoding\BookLibraryVibe\tests\Feature\Reservations\CreateReservationTest" classname="D.EngineersJourney.MahasiswaCS.Semester4.ResearchMethodology.LaravelCoding.BookLibraryVibe.tests.Feature.Reservations.CreateReservationTest" assertions="1" time="0.025191"/>
      <testcase name="it assigns sequential queue positions to multiple reservations on the same book" file="tests\Feature\Reservations\CreateReservationTest.php::it assigns sequential queue positions to multiple reservations on the same book" class="D\EngineersJourney\MahasiswaCS\Semester4\ResearchMethodology\LaravelCoding\BookLibraryVibe\tests\Feature\Reservations\CreateReservationTest" classname="D.EngineersJourney.MahasiswaCS.Semester4.ResearchMethodology.LaravelCoding.BookLibraryVibe.tests.Feature.Reservations.CreateReservationTest" assertions="2" time="0.037902"/>
    </testsuite>
    <testsuite name="D\EngineersJourney\MahasiswaCS\Semester4\ResearchMethodology\LaravelCoding\BookLibraryVibe\tests\Feature\Reservations\ListReservationsTest" file="tests\Feature\Reservations\ListReservationsTest.php" tests="6" assertions="9" errors="0" failures="0" skipped="0" time="0.295510">
      <testcase name="it lists only the authenticated members own reservations" file="tests\Feature\Reservations\ListReservationsTest.php::it lists only the authenticated members own reservations" class="D\EngineersJourney\MahasiswaCS\Semester4\ResearchMethodology\LaravelCoding\BookLibraryVibe\tests\Feature\Reservations\ListReservationsTest" classname="D.EngineersJourney.MahasiswaCS.Semester4.ResearchMethodology.LaravelCoding.BookLibraryVibe.tests.Feature.Reservations.ListReservationsTest" assertions="2" time="0.127916"/>
      <testcase name="it lists all reservations for admins" file="tests\Feature\Reservations\ListReservationsTest.php::it lists all reservations for admins" class="D\EngineersJourney\MahasiswaCS\Semester4\ResearchMethodology\LaravelCoding\BookLibraryVibe\tests\Feature\Reservations\ListReservationsTest" classname="D.EngineersJourney.MahasiswaCS.Semester4.ResearchMethodology.LaravelCoding.BookLibraryVibe.tests.Feature.Reservations.ListReservationsTest" assertions="2" time="0.053255"/>
      <testcase name="it rejects unauthenticated access to the reservation list" file="tests\Feature\Reservations\ListReservationsTest.php::it rejects unauthenticated access to the reservation list" class="D\EngineersJourney\MahasiswaCS\Semester4\ResearchMethodology\LaravelCoding\BookLibraryVibe\tests\Feature\Reservations\ListReservationsTest" classname="D.EngineersJourney.MahasiswaCS.Semester4.ResearchMethodology.LaravelCoding.BookLibraryVibe.tests.Feature.Reservations.ListReservationsTest" assertions="1" time="0.027993"/>
      <testcase name="it shows reservation details to its owner" file="tests\Feature\Reservations\ListReservationsTest.php::it shows reservation details to its owner" class="D\EngineersJourney\MahasiswaCS\Semester4\ResearchMethodology\LaravelCoding\BookLibraryVibe\tests\Feature\Reservations\ListReservationsTest" classname="D.EngineersJourney.MahasiswaCS.Semester4.ResearchMethodology.LaravelCoding.BookLibraryVibe.tests.Feature.Reservations.ListReservationsTest" assertions="2" time="0.037954"/>
      <testcase name="it prevents a user from viewing another users reservation" file="tests\Feature\Reservations\ListReservationsTest.php::it prevents a user from viewing another users reservation" class="D\EngineersJourney\MahasiswaCS\Semester4\ResearchMethodology\LaravelCoding\BookLibraryVibe\tests\Feature\Reservations\ListReservationsTest" classname="D.EngineersJourney.MahasiswaCS.Semester4.ResearchMethodology.LaravelCoding.BookLibraryVibe.tests.Feature.Reservations.ListReservationsTest" assertions="1" time="0.027146"/>
      <testcase name="it returns 404 when viewing a non-existent reservation" file="tests\Feature\Reservations\ListReservationsTest.php::it returns 404 when viewing a non-existent reservation" class="D\EngineersJourney\MahasiswaCS\Semester4\ResearchMethodology\LaravelCoding\BookLibraryVibe\tests\Feature\Reservations\ListReservationsTest" classname="D.EngineersJourney.MahasiswaCS.Semester4.ResearchMethodology.LaravelCoding.BookLibraryVibe.tests.Feature.Reservations.ListReservationsTest" assertions="1" time="0.021245"/>
    </testsuite>
    <testsuite name="D\EngineersJourney\MahasiswaCS\Semester4\ResearchMethodology\LaravelCoding\BookLibraryVibe\tests\Feature\Reviews\CreateReviewTest" file="tests\Feature\Reviews\CreateReviewTest.php" tests="5" assertions="9" errors="1" failures="1" skipped="0" time="0.264548">
      <testcase name="it allows authenticated user to create a review" file="tests\Feature\Reviews\CreateReviewTest.php::it allows authenticated user to create a review" class="D\EngineersJourney\MahasiswaCS\Semester4\ResearchMethodology\LaravelCoding\BookLibraryVibe\tests\Feature\Reviews\CreateReviewTest" classname="D.EngineersJourney.MahasiswaCS.Semester4.ResearchMethodology.LaravelCoding.BookLibraryVibe.tests.Feature.Reviews.CreateReviewTest" assertions="3" time="0.040514"/>
      <testcase name="it rejects review for a non-existent book" file="tests\Feature\Reviews\CreateReviewTest.php::it rejects review for a non-existent book" class="D\EngineersJourney\MahasiswaCS\Semester4\ResearchMethodology\LaravelCoding\BookLibraryVibe\tests\Feature\Reviews\CreateReviewTest" classname="D.EngineersJourney.MahasiswaCS.Semester4.ResearchMethodology.LaravelCoding.BookLibraryVibe.tests.Feature.Reviews.CreateReviewTest" assertions="1" time="0.066060"/>
      <testcase name="it rejects duplicate review for the same user and book" file="tests\Feature\Reviews\CreateReviewTest.php::it rejects duplicate review for the same user and book" class="D\EngineersJourney\MahasiswaCS\Semester4\ResearchMethodology\LaravelCoding\BookLibraryVibe\tests\Feature\Reviews\CreateReviewTest" classname="D.EngineersJourney.MahasiswaCS.Semester4.ResearchMethodology.LaravelCoding.BookLibraryVibe.tests.Feature.Reviews.CreateReviewTest" assertions="0" time="0.059912">
        <error type="BadMethodCallException">it rejects duplicate review for the same user and bookBadMethodCallException: Call to undefined method App\Models\Review::factory()&#13;
at vendor\laravel\framework\src\Illuminate\Support\Traits\ForwardsCalls.php:67
at vendor\laravel\framework\src\Illuminate\Support\Traits\ForwardsCalls.php:36
at vendor\laravel\framework\src\Illuminate\Database\Eloquent\Model.php:2544
at vendor\laravel\framework\src\Illuminate\Database\Eloquent\Model.php:2560
at tests\Feature\Reviews\CreateReviewTest.php:44</error>
      </testcase>
      <testcase name="it rejects invalid rating values" file="tests\Feature\Reviews\CreateReviewTest.php::it rejects invalid rating values" class="D\EngineersJourney\MahasiswaCS\Semester4\ResearchMethodology\LaravelCoding\BookLibraryVibe\tests\Feature\Reviews\CreateReviewTest" classname="D.EngineersJourney.MahasiswaCS.Semester4.ResearchMethodology.LaravelCoding.BookLibraryVibe.tests.Feature.Reviews.CreateReviewTest" assertions="3" time="0.063159"/>
      <testcase name="it rejects review creation without authentication" file="tests\Feature\Reviews\CreateReviewTest.php::it rejects review creation without authentication" class="D\EngineersJourney\MahasiswaCS\Semester4\ResearchMethodology\LaravelCoding\BookLibraryVibe\tests\Feature\Reviews\CreateReviewTest" classname="D.EngineersJourney.MahasiswaCS.Semester4.ResearchMethodology.LaravelCoding.BookLibraryVibe.tests.Feature.Reviews.CreateReviewTest" assertions="2" time="0.034903">
        <failure type="PHPUnit\Framework\ExpectationFailedException">it rejects review creation without authenticationFailed asserting that two strings are equal.&#13;
at vendor\laravel\framework\src\Illuminate\Testing\TestResponseAssert.php:45
at vendor\laravel\framework\src\Illuminate\Testing\TestResponse.php:432
at vendor\laravel\framework\src\Illuminate\Testing\TestResponse.php:206
at tests\Feature\Reviews\CreateReviewTest.php:80</failure>
      </testcase>
    </testsuite>
    <testsuite name="D\EngineersJourney\MahasiswaCS\Semester4\ResearchMethodology\LaravelCoding\BookLibraryVibe\tests\Feature\Reviews\DeleteReviewTest" file="tests\Feature\Reviews\DeleteReviewTest.php" tests="4" assertions="1" errors="3" failures="0" skipped="0" time="0.131704">
      <testcase name="it allows a user to delete their own review" file="tests\Feature\Reviews\DeleteReviewTest.php::it allows a user to delete their own review" class="D\EngineersJourney\MahasiswaCS\Semester4\ResearchMethodology\LaravelCoding\BookLibraryVibe\tests\Feature\Reviews\DeleteReviewTest" classname="D.EngineersJourney.MahasiswaCS.Semester4.ResearchMethodology.LaravelCoding.BookLibraryVibe.tests.Feature.Reviews.DeleteReviewTest" assertions="0" time="0.024123">
        <error type="BadMethodCallException">it allows a user to delete their own reviewBadMethodCallException: Call to undefined method App\Models\Review::factory()&#13;
at vendor\laravel\framework\src\Illuminate\Support\Traits\ForwardsCalls.php:67
at vendor\laravel\framework\src\Illuminate\Support\Traits\ForwardsCalls.php:36
at vendor\laravel\framework\src\Illuminate\Database\Eloquent\Model.php:2544
at vendor\laravel\framework\src\Illuminate\Database\Eloquent\Model.php:2560
at tests\Feature\Reviews\DeleteReviewTest.php:13</error>
      </testcase>
      <testcase name="it rejects deletion of another users review by a regular member" file="tests\Feature\Reviews\DeleteReviewTest.php::it rejects deletion of another users review by a regular member" class="D\EngineersJourney\MahasiswaCS\Semester4\ResearchMethodology\LaravelCoding\BookLibraryVibe\tests\Feature\Reviews\DeleteReviewTest" classname="D.EngineersJourney.MahasiswaCS.Semester4.ResearchMethodology.LaravelCoding.BookLibraryVibe.tests.Feature.Reviews.DeleteReviewTest" assertions="0" time="0.030086">
        <error type="BadMethodCallException">it rejects deletion of another users review by a regular memberBadMethodCallException: Call to undefined method App\Models\Review::factory()&#13;
at vendor\laravel\framework\src\Illuminate\Support\Traits\ForwardsCalls.php:67
at vendor\laravel\framework\src\Illuminate\Support\Traits\ForwardsCalls.php:36
at vendor\laravel\framework\src\Illuminate\Database\Eloquent\Model.php:2544
at vendor\laravel\framework\src\Illuminate\Database\Eloquent\Model.php:2560
at tests\Feature\Reviews\DeleteReviewTest.php:26</error>
      </testcase>
      <testcase name="it allows admin to delete any review" file="tests\Feature\Reviews\DeleteReviewTest.php::it allows admin to delete any review" class="D\EngineersJourney\MahasiswaCS\Semester4\ResearchMethodology\LaravelCoding\BookLibraryVibe\tests\Feature\Reviews\DeleteReviewTest" classname="D.EngineersJourney.MahasiswaCS.Semester4.ResearchMethodology.LaravelCoding.BookLibraryVibe.tests.Feature.Reviews.DeleteReviewTest" assertions="0" time="0.022544">
        <error type="BadMethodCallException">it allows admin to delete any reviewBadMethodCallException: Call to undefined method App\Models\Review::factory()&#13;
at vendor\laravel\framework\src\Illuminate\Support\Traits\ForwardsCalls.php:67
at vendor\laravel\framework\src\Illuminate\Support\Traits\ForwardsCalls.php:36
at vendor\laravel\framework\src\Illuminate\Database\Eloquent\Model.php:2544
at vendor\laravel\framework\src\Illuminate\Database\Eloquent\Model.php:2560
at tests\Feature\Reviews\DeleteReviewTest.php:39</error>
      </testcase>
      <testcase name="it returns 404 when deleting a non-existent review" file="tests\Feature\Reviews\DeleteReviewTest.php::it returns 404 when deleting a non-existent review" class="D\EngineersJourney\MahasiswaCS\Semester4\ResearchMethodology\LaravelCoding\BookLibraryVibe\tests\Feature\Reviews\DeleteReviewTest" classname="D.EngineersJourney.MahasiswaCS.Semester4.ResearchMethodology.LaravelCoding.BookLibraryVibe.tests.Feature.Reviews.DeleteReviewTest" assertions="1" time="0.054950"/>
    </testsuite>
    <testsuite name="D\EngineersJourney\MahasiswaCS\Semester4\ResearchMethodology\LaravelCoding\BookLibraryVibe\tests\Feature\Transactions\BorrowBookTest" file="tests\Feature\Transactions\BorrowBookTest.php" tests="5" assertions="10" errors="0" failures="1" skipped="0" time="0.164935">
      <testcase name="it allows an authenticated user to borrow an available copy" file="tests\Feature\Transactions\BorrowBookTest.php::it allows an authenticated user to borrow an available copy" class="D\EngineersJourney\MahasiswaCS\Semester4\ResearchMethodology\LaravelCoding\BookLibraryVibe\tests\Feature\Transactions\BorrowBookTest" classname="D.EngineersJourney.MahasiswaCS.Semester4.ResearchMethodology.LaravelCoding.BookLibraryVibe.tests.Feature.Transactions.BorrowBookTest" assertions="3" time="0.043595"/>
      <testcase name="it rejects borrowing an unavailable copy" file="tests\Feature\Transactions\BorrowBookTest.php::it rejects borrowing an unavailable copy" class="D\EngineersJourney\MahasiswaCS\Semester4\ResearchMethodology\LaravelCoding\BookLibraryVibe\tests\Feature\Transactions\BorrowBookTest" classname="D.EngineersJourney.MahasiswaCS.Semester4.ResearchMethodology.LaravelCoding.BookLibraryVibe.tests.Feature.Transactions.BorrowBookTest" assertions="2" time="0.029796"/>
      <testcase name="it rejects borrowing a non-existent copy" file="tests\Feature\Transactions\BorrowBookTest.php::it rejects borrowing a non-existent copy" class="D\EngineersJourney\MahasiswaCS\Semester4\ResearchMethodology\LaravelCoding\BookLibraryVibe\tests\Feature\Transactions\BorrowBookTest" classname="D.EngineersJourney.MahasiswaCS.Semester4.ResearchMethodology.LaravelCoding.BookLibraryVibe.tests.Feature.Transactions.BorrowBookTest" assertions="2" time="0.025323"/>
      <testcase name="it rejects duplicate active borrowing of the same book by the same user" file="tests\Feature\Transactions\BorrowBookTest.php::it rejects duplicate active borrowing of the same book by the same user" class="D\EngineersJourney\MahasiswaCS\Semester4\ResearchMethodology\LaravelCoding\BookLibraryVibe\tests\Feature\Transactions\BorrowBookTest" classname="D.EngineersJourney.MahasiswaCS.Semester4.ResearchMethodology.LaravelCoding.BookLibraryVibe.tests.Feature.Transactions.BorrowBookTest" assertions="1" time="0.036865"/>
      <testcase name="it prevents guests from borrowing" file="tests\Feature\Transactions\BorrowBookTest.php::it prevents guests from borrowing" class="D\EngineersJourney\MahasiswaCS\Semester4\ResearchMethodology\LaravelCoding\BookLibraryVibe\tests\Feature\Transactions\BorrowBookTest" classname="D.EngineersJourney.MahasiswaCS.Semester4.ResearchMethodology.LaravelCoding.BookLibraryVibe.tests.Feature.Transactions.BorrowBookTest" assertions="2" time="0.029357">
        <failure type="PHPUnit\Framework\ExpectationFailedException">it prevents guests from borrowingFailed asserting that two strings are equal.&#13;
at vendor\laravel\framework\src\Illuminate\Testing\TestResponseAssert.php:45
at vendor\laravel\framework\src\Illuminate\Testing\TestResponse.php:432
at vendor\laravel\framework\src\Illuminate\Testing\TestResponse.php:206
at tests\Feature\Transactions\BorrowBookTest.php:91</failure>
      </testcase>
    </testsuite>
    <testsuite name="D\EngineersJourney\MahasiswaCS\Semester4\ResearchMethodology\LaravelCoding\BookLibraryVibe\tests\Feature\Transactions\ExtendTransactionTest" file="tests\Feature\Transactions\ExtendTransactionTest.php" tests="3" assertions="4" errors="0" failures="0" skipped="0" time="0.125673">
      <testcase name="it extends an active transaction due date" file="tests\Feature\Transactions\ExtendTransactionTest.php::it extends an active transaction due date" class="D\EngineersJourney\MahasiswaCS\Semester4\ResearchMethodology\LaravelCoding\BookLibraryVibe\tests\Feature\Transactions\ExtendTransactionTest" classname="D.EngineersJourney.MahasiswaCS.Semester4.ResearchMethodology.LaravelCoding.BookLibraryVibe.tests.Feature.Transactions.ExtendTransactionTest" assertions="2" time="0.066485"/>
      <testcase name="it cannot extend a returned transaction" file="tests\Feature\Transactions\ExtendTransactionTest.php::it cannot extend a returned transaction" class="D\EngineersJourney\MahasiswaCS\Semester4\ResearchMethodology\LaravelCoding\BookLibraryVibe\tests\Feature\Transactions\ExtendTransactionTest" classname="D.EngineersJourney.MahasiswaCS.Semester4.ResearchMethodology.LaravelCoding.BookLibraryVibe.tests.Feature.Transactions.ExtendTransactionTest" assertions="1" time="0.026106"/>
      <testcase name="it cannot extend an overdue transaction" file="tests\Feature\Transactions\ExtendTransactionTest.php::it cannot extend an overdue transaction" class="D\EngineersJourney\MahasiswaCS\Semester4\ResearchMethodology\LaravelCoding\BookLibraryVibe\tests\Feature\Transactions\ExtendTransactionTest" classname="D.EngineersJourney.MahasiswaCS.Semester4.ResearchMethodology.LaravelCoding.BookLibraryVibe.tests.Feature.Transactions.ExtendTransactionTest" assertions="1" time="0.033081"/>
    </testsuite>
    <testsuite name="D\EngineersJourney\MahasiswaCS\Semester4\ResearchMethodology\LaravelCoding\BookLibraryVibe\tests\Feature\Transactions\OverdueTransactionTest" file="tests\Feature\Transactions\OverdueTransactionTest.php" tests="2" assertions="3" errors="0" failures="0" skipped="0" time="0.070880">
      <testcase name="it lists overdue transactions for staff and syncs status" file="tests\Feature\Transactions\OverdueTransactionTest.php::it lists overdue transactions for staff and syncs status" class="D\EngineersJourney\MahasiswaCS\Semester4\ResearchMethodology\LaravelCoding\BookLibraryVibe\tests\Feature\Transactions\OverdueTransactionTest" classname="D.EngineersJourney.MahasiswaCS.Semester4.ResearchMethodology.LaravelCoding.BookLibraryVibe.tests.Feature.Transactions.OverdueTransactionTest" assertions="2" time="0.040125"/>
      <testcase name="it forbids members from viewing the overdue list" file="tests\Feature\Transactions\OverdueTransactionTest.php::it forbids members from viewing the overdue list" class="D\EngineersJourney\MahasiswaCS\Semester4\ResearchMethodology\LaravelCoding\BookLibraryVibe\tests\Feature\Transactions\OverdueTransactionTest" classname="D.EngineersJourney.MahasiswaCS.Semester4.ResearchMethodology.LaravelCoding.BookLibraryVibe.tests.Feature.Transactions.OverdueTransactionTest" assertions="1" time="0.030755"/>
    </testsuite>
    <testsuite name="D\EngineersJourney\MahasiswaCS\Semester4\ResearchMethodology\LaravelCoding\BookLibraryVibe\tests\Feature\Transactions\ReturnBookTest" file="tests\Feature\Transactions\ReturnBookTest.php" tests="4" assertions="7" errors="0" failures="0" skipped="0" time="0.127679">
      <testcase name="it allows the borrower to return their book" file="tests\Feature\Transactions\ReturnBookTest.php::it allows the borrower to return their book" class="D\EngineersJourney\MahasiswaCS\Semester4\ResearchMethodology\LaravelCoding\BookLibraryVibe\tests\Feature\Transactions\ReturnBookTest" classname="D.EngineersJourney.MahasiswaCS.Semester4.ResearchMethodology.LaravelCoding.BookLibraryVibe.tests.Feature.Transactions.ReturnBookTest" assertions="3" time="0.048233"/>
      <testcase name="it calculates a fine when returning overdue" file="tests\Feature\Transactions\ReturnBookTest.php::it calculates a fine when returning overdue" class="D\EngineersJourney\MahasiswaCS\Semester4\ResearchMethodology\LaravelCoding\BookLibraryVibe\tests\Feature\Transactions\ReturnBookTest" classname="D.EngineersJourney.MahasiswaCS.Semester4.ResearchMethodology.LaravelCoding.BookLibraryVibe.tests.Feature.Transactions.ReturnBookTest" assertions="1" time="0.030629"/>
      <testcase name="it cannot return an already returned transaction" file="tests\Feature\Transactions\ReturnBookTest.php::it cannot return an already returned transaction" class="D\EngineersJourney\MahasiswaCS\Semester4\ResearchMethodology\LaravelCoding\BookLibraryVibe\tests\Feature\Transactions\ReturnBookTest" classname="D.EngineersJourney.MahasiswaCS.Semester4.ResearchMethodology.LaravelCoding.BookLibraryVibe.tests.Feature.Transactions.ReturnBookTest" assertions="1" time="0.024190"/>
      <testcase name="it prevents a different user from returning someone elses transaction" file="tests\Feature\Transactions\ReturnBookTest.php::it prevents a different user from returning someone elses transaction" class="D\EngineersJourney\MahasiswaCS\Semester4\ResearchMethodology\LaravelCoding\BookLibraryVibe\tests\Feature\Transactions\ReturnBookTest" classname="D.EngineersJourney.MahasiswaCS.Semester4.ResearchMethodology.LaravelCoding.BookLibraryVibe.tests.Feature.Transactions.ReturnBookTest" assertions="2" time="0.024627"/>
    </testsuite>
    <testsuite name="D\EngineersJourney\MahasiswaCS\Semester4\ResearchMethodology\LaravelCoding\BookLibraryVibe\tests\Feature\Users\BorrowingHistoryTest" file="tests\Feature\Users\BorrowingHistoryTest.php" tests="2" assertions="0" errors="2" failures="0" skipped="0" time="0.051865">
      <testcase name="it retrieves borrowing history for the authenticated user" file="tests\Feature\Users\BorrowingHistoryTest.php::it retrieves borrowing history for the authenticated user" class="D\EngineersJourney\MahasiswaCS\Semester4\ResearchMethodology\LaravelCoding\BookLibraryVibe\tests\Feature\Users\BorrowingHistoryTest" classname="D.EngineersJourney.MahasiswaCS.Semester4.ResearchMethodology.LaravelCoding.BookLibraryVibe.tests.Feature.Users.BorrowingHistoryTest" assertions="0" time="0.030111">
        <error type="BadMethodCallException">it retrieves borrowing history for the authenticated userBadMethodCallException: Call to undefined method App\Models\Transaction::factory()&#13;
at vendor\laravel\framework\src\Illuminate\Support\Traits\ForwardsCalls.php:67
at vendor\laravel\framework\src\Illuminate\Support\Traits\ForwardsCalls.php:36
at vendor\laravel\framework\src\Illuminate\Database\Eloquent\Model.php:2544
at vendor\laravel\framework\src\Illuminate\Database\Eloquent\Model.php:2560
at tests\Feature\Users\BorrowingHistoryTest.php:17</error>
      </testcase>
      <testcase name="it does not leak another users transactions in history" file="tests\Feature\Users\BorrowingHistoryTest.php::it does not leak another users transactions in history" class="D\EngineersJourney\MahasiswaCS\Semester4\ResearchMethodology\LaravelCoding\BookLibraryVibe\tests\Feature\Users\BorrowingHistoryTest" classname="D.EngineersJourney.MahasiswaCS.Semester4.ResearchMethodology.LaravelCoding.BookLibraryVibe.tests.Feature.Users.BorrowingHistoryTest" assertions="0" time="0.021754">
        <error type="BadMethodCallException">it does not leak another users transactions in historyBadMethodCallException: Call to undefined method App\Models\Transaction::factory()&#13;
at vendor\laravel\framework\src\Illuminate\Support\Traits\ForwardsCalls.php:67
at vendor\laravel\framework\src\Illuminate\Support\Traits\ForwardsCalls.php:36
at vendor\laravel\framework\src\Illuminate\Database\Eloquent\Model.php:2544
at vendor\laravel\framework\src\Illuminate\Database\Eloquent\Model.php:2560
at tests\Feature\Users\BorrowingHistoryTest.php:52</error>
      </testcase>
    </testsuite>
    <testsuite name="D\EngineersJourney\MahasiswaCS\Semester4\ResearchMethodology\LaravelCoding\BookLibraryVibe\tests\Feature\Users\ProfileUpdateTest" file="tests\Feature\Users\ProfileUpdateTest.php" tests="5" assertions="12" errors="0" failures="0" skipped="0" time="0.161306">
      <testcase name="it allows a user to update their own profile" file="tests\Feature\Users\ProfileUpdateTest.php::it allows a user to update their own profile" class="D\EngineersJourney\MahasiswaCS\Semester4\ResearchMethodology\LaravelCoding\BookLibraryVibe\tests\Feature\Users\ProfileUpdateTest" classname="D.EngineersJourney.MahasiswaCS.Semester4.ResearchMethodology.LaravelCoding.BookLibraryVibe.tests.Feature.Users.ProfileUpdateTest" assertions="3" time="0.036941"/>
      <testcase name="it rejects duplicate email on profile update" file="tests\Feature\Users\ProfileUpdateTest.php::it rejects duplicate email on profile update" class="D\EngineersJourney\MahasiswaCS\Semester4\ResearchMethodology\LaravelCoding\BookLibraryVibe\tests\Feature\Users\ProfileUpdateTest" classname="D.EngineersJourney.MahasiswaCS.Semester4.ResearchMethodology.LaravelCoding.BookLibraryVibe.tests.Feature.Users.ProfileUpdateTest" assertions="3" time="0.035989"/>
      <testcase name="it rejects unauthorized profile modification" file="tests\Feature\Users\ProfileUpdateTest.php::it rejects unauthorized profile modification" class="D\EngineersJourney\MahasiswaCS\Semester4\ResearchMethodology\LaravelCoding\BookLibraryVibe\tests\Feature\Users\ProfileUpdateTest" classname="D.EngineersJourney.MahasiswaCS.Semester4.ResearchMethodology.LaravelCoding.BookLibraryVibe.tests.Feature.Users.ProfileUpdateTest" assertions="2" time="0.024798"/>
      <testcase name="it allows admin to update another users profile" file="tests\Feature\Users\ProfileUpdateTest.php::it allows admin to update another users profile" class="D\EngineersJourney\MahasiswaCS\Semester4\ResearchMethodology\LaravelCoding\BookLibraryVibe\tests\Feature\Users\ProfileUpdateTest" classname="D.EngineersJourney.MahasiswaCS.Semester4.ResearchMethodology.LaravelCoding.BookLibraryVibe.tests.Feature.Users.ProfileUpdateTest" assertions="3" time="0.024313"/>
      <testcase name="it returns 404 when updating a non-existent user" file="tests\Feature\Users\ProfileUpdateTest.php::it returns 404 when updating a non-existent user" class="D\EngineersJourney\MahasiswaCS\Semester4\ResearchMethodology\LaravelCoding\BookLibraryVibe\tests\Feature\Users\ProfileUpdateTest" classname="D.EngineersJourney.MahasiswaCS.Semester4.ResearchMethodology.LaravelCoding.BookLibraryVibe.tests.Feature.Users.ProfileUpdateTest" assertions="1" time="0.039265"/>
    </testsuite>
    <testsuite name="D\EngineersJourney\MahasiswaCS\Semester4\ResearchMethodology\LaravelCoding\BookLibraryVibe\tests\Feature\Users\RecommendationTest" file="tests\Feature\Users\RecommendationTest.php" tests="4" assertions="3" errors="2" failures="1" skipped="0" time="0.105437">
      <testcase name="it returns recommendations based on borrowing history categories" file="tests\Feature\Users\RecommendationTest.php::it returns recommendations based on borrowing history categories" class="D\EngineersJourney\MahasiswaCS\Semester4\ResearchMethodology\LaravelCoding\BookLibraryVibe\tests\Feature\Users\RecommendationTest" classname="D.EngineersJourney.MahasiswaCS.Semester4.ResearchMethodology.LaravelCoding.BookLibraryVibe.tests.Feature.Users.RecommendationTest" assertions="0" time="0.026845">
        <error type="BadMethodCallException">it returns recommendations based on borrowing history categoriesBadMethodCallException: Call to undefined method App\Models\Transaction::factory()&#13;
at vendor\laravel\framework\src\Illuminate\Support\Traits\ForwardsCalls.php:67
at vendor\laravel\framework\src\Illuminate\Support\Traits\ForwardsCalls.php:36
at vendor\laravel\framework\src\Illuminate\Database\Eloquent\Model.php:2544
at vendor\laravel\framework\src\Illuminate\Database\Eloquent\Model.php:2560
at tests\Feature\Users\RecommendationTest.php:21</error>
      </testcase>
      <testcase name="it excludes already borrowed books from recommendations" file="tests\Feature\Users\RecommendationTest.php::it excludes already borrowed books from recommendations" class="D\EngineersJourney\MahasiswaCS\Semester4\ResearchMethodology\LaravelCoding\BookLibraryVibe\tests\Feature\Users\RecommendationTest" classname="D.EngineersJourney.MahasiswaCS.Semester4.ResearchMethodology.LaravelCoding.BookLibraryVibe.tests.Feature.Users.RecommendationTest" assertions="0" time="0.022817">
        <error type="BadMethodCallException">it excludes already borrowed books from recommendationsBadMethodCallException: Call to undefined method App\Models\Transaction::factory()&#13;
at vendor\laravel\framework\src\Illuminate\Support\Traits\ForwardsCalls.php:67
at vendor\laravel\framework\src\Illuminate\Support\Traits\ForwardsCalls.php:36
at vendor\laravel\framework\src\Illuminate\Database\Eloquent\Model.php:2544
at vendor\laravel\framework\src\Illuminate\Database\Eloquent\Model.php:2560
at tests\Feature\Users\RecommendationTest.php:50</error>
      </testcase>
      <testcase name="it does not modify any data when generating recommendations" file="tests\Feature\Users\RecommendationTest.php::it does not modify any data when generating recommendations" class="D\EngineersJourney\MahasiswaCS\Semester4\ResearchMethodology\LaravelCoding\BookLibraryVibe\tests\Feature\Users\RecommendationTest" classname="D.EngineersJourney.MahasiswaCS.Semester4.ResearchMethodology.LaravelCoding.BookLibraryVibe.tests.Feature.Users.RecommendationTest" assertions="1" time="0.027663"/>
      <testcase name="it requires authentication to view recommendations" file="tests\Feature\Users\RecommendationTest.php::it requires authentication to view recommendations" class="D\EngineersJourney\MahasiswaCS\Semester4\ResearchMethodology\LaravelCoding\BookLibraryVibe\tests\Feature\Users\RecommendationTest" classname="D.EngineersJourney.MahasiswaCS.Semester4.ResearchMethodology.LaravelCoding.BookLibraryVibe.tests.Feature.Users.RecommendationTest" assertions="2" time="0.028112">
        <failure type="PHPUnit\Framework\ExpectationFailedException">it requires authentication to view recommendationsFailed asserting that two strings are equal.&#13;
at vendor\laravel\framework\src\Illuminate\Testing\TestResponseAssert.php:45
at vendor\laravel\framework\src\Illuminate\Testing\TestResponse.php:432
at vendor\laravel\framework\src\Illuminate\Testing\TestResponse.php:206
at tests\Feature\Users\RecommendationTest.php:83</failure>
      </testcase>
    </testsuite>
    <testsuite name="D\EngineersJourney\MahasiswaCS\Semester4\ResearchMethodology\LaravelCoding\BookLibraryVibe\tests\Feature\Users\UserDeletionTest" file="tests\Feature\Users\UserDeletionTest.php" tests="4" assertions="7" errors="0" failures="0" skipped="0" time="0.107851">
      <testcase name="it allows admin to delete a user" file="tests\Feature\Users\UserDeletionTest.php::it allows admin to delete a user" class="D\EngineersJourney\MahasiswaCS\Semester4\ResearchMethodology\LaravelCoding\BookLibraryVibe\tests\Feature\Users\UserDeletionTest" classname="D.EngineersJourney.MahasiswaCS.Semester4.ResearchMethodology.LaravelCoding.BookLibraryVibe.tests.Feature.Users.UserDeletionTest" assertions="3" time="0.031908"/>
      <testcase name="it rejects non-admin attempting to delete a user" file="tests\Feature\Users\UserDeletionTest.php::it rejects non-admin attempting to delete a user" class="D\EngineersJourney\MahasiswaCS\Semester4\ResearchMethodology\LaravelCoding\BookLibraryVibe\tests\Feature\Users\UserDeletionTest" classname="D.EngineersJourney.MahasiswaCS.Semester4.ResearchMethodology.LaravelCoding.BookLibraryVibe.tests.Feature.Users.UserDeletionTest" assertions="2" time="0.028031"/>
      <testcase name="it allows admin to view all users" file="tests\Feature\Users\UserDeletionTest.php::it allows admin to view all users" class="D\EngineersJourney\MahasiswaCS\Semester4\ResearchMethodology\LaravelCoding\BookLibraryVibe\tests\Feature\Users\UserDeletionTest" classname="D.EngineersJourney.MahasiswaCS.Semester4.ResearchMethodology.LaravelCoding.BookLibraryVibe.tests.Feature.Users.UserDeletionTest" assertions="1" time="0.025662"/>
      <testcase name="it rejects non-admin from viewing all users" file="tests\Feature\Users\UserDeletionTest.php::it rejects non-admin from viewing all users" class="D\EngineersJourney\MahasiswaCS\Semester4\ResearchMethodology\LaravelCoding\BookLibraryVibe\tests\Feature\Users\UserDeletionTest" classname="D.EngineersJourney.MahasiswaCS.Semester4.ResearchMethodology.LaravelCoding.BookLibraryVibe.tests.Feature.Users.UserDeletionTest" assertions="1" time="0.022249"/>
    </testsuite>
  </testsuite>
</testsuites>
